<?xml version="1.0" encoding="UTF-8"?>
<testsuite name="Registro en la pagina Utest" tests="1" skipped="0" failures="0" errors="0" timestamp="2021-08-06T21:41:15" hostname="CHEMPPF1LWR55" time="72.949">
  <properties/>
  <testcase name="Registro de usuario" classname="Registro en la pagina Utest" time="72.949"/>
  <system-out><![CDATA[]]></system-out>
  <system-err><![CDATA[[Test worker] WARN net.thucydides.core.steps.BaseStepListener - stepStarted: net.thucydides.core.steps.ExecutedStepDescription@28a3eb5
[Test worker] WARN net.thucydides.core.steps.BaseStepListener - stepStarted: net.thucydides.core.steps.ExecutedStepDescription@6fd6b4c0
[Test worker] WARN net.thucydides.core.steps.BaseStepListener - stepStarted: net.thucydides.core.steps.ExecutedStepDescription@445abc30
ago 06, 2021 4:41:16 PM org.openqa.selenium.remote.DesiredCapabilities chrome
INFORMACIÓN: Using `new ChromeOptions()` is preferred to `DesiredCapabilities.chrome()`
[Test worker] INFO net.serenitybdd.core.webdriver.driverproviders.ProvideNewDriver - Instantiating driver
[Test worker] INFO net.serenitybdd.core.webdriver.driverproviders.ProvideNewDriver - Driver capabilities: Capabilities {acceptInsecureCerts: false, browserName: chrome, chrome.switches: --start-maximized, goog:chromeOptions: {args: [--start-maximized], extensions: []}, loggingPrefs: org.openqa.selenium.logging..., platform: ANY, version: }
Starting ChromeDriver 92.0.4515.107 (87a818b10553a07434ea9e2b6dccf3cbe7895134-refs/branch-heads/4515@{#1634}) on port 25516
Only local connections are allowed.
Please see https://chromedriver.chromium.org/security-considerations for suggestions on keeping ChromeDriver safe.
ChromeDriver was started successfully.
ago 06, 2021 4:41:18 PM org.openqa.selenium.remote.ProtocolHandshake createSession
INFORMACIÓN: Detected dialect: W3C
[Test worker] WARN net.thucydides.core.steps.BaseStepListener - stepFinished: current outcome:Registro de usuario:Given que me encuentro en la pagina de registro de Utest [Diego abrir [Diego opens the Abrir page]]
[Test worker] WARN net.thucydides.core.steps.BaseStepListener - stepStarted: net.thucydides.core.steps.ExecutedStepDescription@710a87df
[Test worker] WARN net.thucydides.core.steps.BaseStepListener - stepFinished: current outcome:Registro de usuario:Given que me encuentro en la pagina de registro de Utest [Diego abrir [Diego opens the Abrir page, Diego clicks on Boton para iniciar el formulario de registro]]
[Test worker] WARN net.thucydides.core.steps.BaseStepListener - stepFinished: current outcome:Registro de usuario:Given que me encuentro en la pagina de registro de Utest [Diego abrir [Diego opens the Abrir page, Diego clicks on Boton para iniciar el formulario de registro]]
[Test worker] WARN net.thucydides.core.steps.BaseStepListener - stepFinished: current outcome:Registro de usuario:Given que me encuentro en la pagina de registro de Utest [Diego abrir [Diego opens the Abrir page, Diego clicks on Boton para iniciar el formulario de registro]]
[Test worker] WARN net.thucydides.core.steps.BaseStepListener - stepStarted: net.thucydides.core.steps.ExecutedStepDescription@32735adc
[Test worker] WARN net.thucydides.core.steps.BaseStepListener - stepStarted: net.thucydides.core.steps.ExecutedStepDescription@59101d2e
[Test worker] WARN net.thucydides.core.steps.BaseStepListener - stepStarted: net.thucydides.core.steps.ExecutedStepDescription@23c13039
[Test worker] WARN net.thucydides.core.steps.BaseStepListener - stepFinished: current outcome:Registro de usuario:Given que me encuentro en la pagina de registro de Utest [Diego abrir [Diego opens the Abrir page, Diego clicks on Boton para iniciar el formulario de registro]], When complete todos los campos del formulario de registro
| strNombre | strApellido | strEmail | strMes | strDia | strAnio | strLenguaje | strCiudad | strPostal | strPais | strSO | strVersionSo | strLenguageSo | strMobil | strModelo | strSOMobil | strPassword | strConfirmPas |
| Cristiano | Ronaldo | cristianoCR7@gmail.com | March | 19 | 1987 | Spanish | Braga | 427000 | Portugal | Linux | Xebian | English | Apple | iPhone 6 | iOS 10.2 | delantero7 | delantero7 | [Diego registrar los [Diego enters 'Cristiano' into Campo para ingresar el nombre]]
[Test worker] WARN net.thucydides.core.steps.BaseStepListener - stepStarted: net.thucydides.core.steps.ExecutedStepDescription@12feeda3
[Test worker] WARN net.thucydides.core.steps.BaseStepListener - stepFinished: current outcome:Registro de usuario:Given que me encuentro en la pagina de registro de Utest [Diego abrir [Diego opens the Abrir page, Diego clicks on Boton para iniciar el formulario de registro]], When complete todos los campos del formulario de registro
| strNombre | strApellido | strEmail | strMes | strDia | strAnio | strLenguaje | strCiudad | strPostal | strPais | strSO | strVersionSo | strLenguageSo | strMobil | strModelo | strSOMobil | strPassword | strConfirmPas |
| Cristiano | Ronaldo | cristianoCR7@gmail.com | March | 19 | 1987 | Spanish | Braga | 427000 | Portugal | Linux | Xebian | English | Apple | iPhone 6 | iOS 10.2 | delantero7 | delantero7 | [Diego registrar los [Diego enters 'Cristiano' into Campo para ingresar el nombre, Diego enters 'Ronaldo' into Campo para ingresar el apellido]]
[Test worker] WARN net.thucydides.core.steps.BaseStepListener - stepStarted: net.thucydides.core.steps.ExecutedStepDescription@399beba7
[Test worker] WARN net.thucydides.core.steps.BaseStepListener - stepFinished: current outcome:Registro de usuario:Given que me encuentro en la pagina de registro de Utest [Diego abrir [Diego opens the Abrir page, Diego clicks on Boton para iniciar el formulario de registro]], When complete todos los campos del formulario de registro
| strNombre | strApellido | strEmail | strMes | strDia | strAnio | strLenguaje | strCiudad | strPostal | strPais | strSO | strVersionSo | strLenguageSo | strMobil | strModelo | strSOMobil | strPassword | strConfirmPas |
| Cristiano | Ronaldo | cristianoCR7@gmail.com | March | 19 | 1987 | Spanish | Braga | 427000 | Portugal | Linux | Xebian | English | Apple | iPhone 6 | iOS 10.2 | delantero7 | delantero7 | [Diego registrar los [Diego enters 'Cristiano' into Campo para ingresar el nombre, Diego enters 'Ronaldo' into Campo para ingresar el apellido, Diego enters 'cristianoCR7@gmail.com' into Campo para ingresar el email]]
[Test worker] WARN net.thucydides.core.steps.BaseStepListener - stepStarted: net.thucydides.core.steps.ExecutedStepDescription@7dca72d2
[Test worker] WARN net.thucydides.core.steps.BaseStepListener - stepFinished: current outcome:Registro de usuario:Given que me encuentro en la pagina de registro de Utest [Diego abrir [Diego opens the Abrir page, Diego clicks on Boton para iniciar el formulario de registro]], When complete todos los campos del formulario de registro
| strNombre | strApellido | strEmail | strMes | strDia | strAnio | strLenguaje | strCiudad | strPostal | strPais | strSO | strVersionSo | strLenguageSo | strMobil | strModelo | strSOMobil | strPassword | strConfirmPas |
| Cristiano | Ronaldo | cristianoCR7@gmail.com | March | 19 | 1987 | Spanish | Braga | 427000 | Portugal | Linux | Xebian | English | Apple | iPhone 6 | iOS 10.2 | delantero7 | delantero7 | [Diego registrar los [Diego enters 'Cristiano' into Campo para ingresar el nombre, Diego enters 'Ronaldo' into Campo para ingresar el apellido, Diego enters 'cristianoCR7@gmail.com' into Campo para ingresar el email, Diego clicks on campo para seleccionar el mes]]
[Test worker] WARN net.thucydides.core.steps.BaseStepListener - stepStarted: net.thucydides.core.steps.ExecutedStepDescription@3e771bb2
[Test worker] WARN net.thucydides.core.steps.BaseStepListener - stepFinished: current outcome:Registro de usuario:Given que me encuentro en la pagina de registro de Utest [Diego abrir [Diego opens the Abrir page, Diego clicks on Boton para iniciar el formulario de registro]], When complete todos los campos del formulario de registro
| strNombre | strApellido | strEmail | strMes | strDia | strAnio | strLenguaje | strCiudad | strPostal | strPais | strSO | strVersionSo | strLenguageSo | strMobil | strModelo | strSOMobil | strPassword | strConfirmPas |
| Cristiano | Ronaldo | cristianoCR7@gmail.com | March | 19 | 1987 | Spanish | Braga | 427000 | Portugal | Linux | Xebian | English | Apple | iPhone 6 | iOS 10.2 | delantero7 | delantero7 | [Diego registrar los [Diego enters 'Cristiano' into Campo para ingresar el nombre, Diego enters 'Ronaldo' into Campo para ingresar el apellido, Diego enters 'cristianoCR7@gmail.com' into Campo para ingresar el email, Diego clicks on campo para seleccionar el mes, Diego select March on campo para seleccionar el mes]]
[Test worker] WARN net.thucydides.core.steps.BaseStepListener - stepStarted: net.thucydides.core.steps.ExecutedStepDescription@6c0e7c33
[Test worker] WARN net.thucydides.core.steps.BaseStepListener - stepFinished: current outcome:Registro de usuario:Given que me encuentro en la pagina de registro de Utest [Diego abrir [Diego opens the Abrir page, Diego clicks on Boton para iniciar el formulario de registro]], When complete todos los campos del formulario de registro
| strNombre | strApellido | strEmail | strMes | strDia | strAnio | strLenguaje | strCiudad | strPostal | strPais | strSO | strVersionSo | strLenguageSo | strMobil | strModelo | strSOMobil | strPassword | strConfirmPas |
| Cristiano | Ronaldo | cristianoCR7@gmail.com | March | 19 | 1987 | Spanish | Braga | 427000 | Portugal | Linux | Xebian | English | Apple | iPhone 6 | iOS 10.2 | delantero7 | delantero7 | [Diego registrar los [Diego enters 'Cristiano' into Campo para ingresar el nombre, Diego enters 'Ronaldo' into Campo para ingresar el apellido, Diego enters 'cristianoCR7@gmail.com' into Campo para ingresar el email, Diego clicks on campo para seleccionar el mes, Diego select March on campo para seleccionar el mes, Diego select 19 on campo para seleccionar el dia]]
[Test worker] WARN net.thucydides.core.steps.BaseStepListener - stepStarted: net.thucydides.core.steps.ExecutedStepDescription@568baa58
[Test worker] WARN net.thucydides.core.steps.BaseStepListener - stepFinished: current outcome:Registro de usuario:Given que me encuentro en la pagina de registro de Utest [Diego abrir [Diego opens the Abrir page, Diego clicks on Boton para iniciar el formulario de registro]], When complete todos los campos del formulario de registro
| strNombre | strApellido | strEmail | strMes | strDia | strAnio | strLenguaje | strCiudad | strPostal | strPais | strSO | strVersionSo | strLenguageSo | strMobil | strModelo | strSOMobil | strPassword | strConfirmPas |
| Cristiano | Ronaldo | cristianoCR7@gmail.com | March | 19 | 1987 | Spanish | Braga | 427000 | Portugal | Linux | Xebian | English | Apple | iPhone 6 | iOS 10.2 | delantero7 | delantero7 | [Diego registrar los [Diego enters 'Cristiano' into Campo para ingresar el nombre, Diego enters 'Ronaldo' into Campo para ingresar el apellido, Diego enters 'cristianoCR7@gmail.com' into Campo para ingresar el email, Diego clicks on campo para seleccionar el mes, Diego select March on campo para seleccionar el mes, Diego select 19 on campo para seleccionar el dia, Diego select 1987 on campo para seleccionar el año]]
[Test worker] WARN net.thucydides.core.steps.BaseStepListener - stepStarted: net.thucydides.core.steps.ExecutedStepDescription@67863908
[Test worker] WARN net.thucydides.core.steps.BaseStepListener - stepFinished: current outcome:Registro de usuario:Given que me encuentro en la pagina de registro de Utest [Diego abrir [Diego opens the Abrir page, Diego clicks on Boton para iniciar el formulario de registro]], When complete todos los campos del formulario de registro
| strNombre | strApellido | strEmail | strMes | strDia | strAnio | strLenguaje | strCiudad | strPostal | strPais | strSO | strVersionSo | strLenguageSo | strMobil | strModelo | strSOMobil | strPassword | strConfirmPas |
| Cristiano | Ronaldo | cristianoCR7@gmail.com | March | 19 | 1987 | Spanish | Braga | 427000 | Portugal | Linux | Xebian | English | Apple | iPhone 6 | iOS 10.2 | delantero7 | delantero7 | [Diego registrar los [Diego enters 'Cristiano' into Campo para ingresar el nombre, Diego enters 'Ronaldo' into Campo para ingresar el apellido, Diego enters 'cristianoCR7@gmail.com' into Campo para ingresar el email, Diego clicks on campo para seleccionar el mes, Diego select March on campo para seleccionar el mes, Diego select 19 on campo para seleccionar el dia, Diego select 1987 on campo para seleccionar el año, Diego clicks on Campo para seleccionar el lenguaje]]
[Test worker] WARN net.thucydides.core.steps.BaseStepListener - stepStarted: net.thucydides.core.steps.ExecutedStepDescription@34055036
[Test worker] WARN net.thucydides.core.steps.BaseStepListener - stepFinished: current outcome:Registro de usuario:Given que me encuentro en la pagina de registro de Utest [Diego abrir [Diego opens the Abrir page, Diego clicks on Boton para iniciar el formulario de registro]], When complete todos los campos del formulario de registro
| strNombre | strApellido | strEmail | strMes | strDia | strAnio | strLenguaje | strCiudad | strPostal | strPais | strSO | strVersionSo | strLenguageSo | strMobil | strModelo | strSOMobil | strPassword | strConfirmPas |
| Cristiano | Ronaldo | cristianoCR7@gmail.com | March | 19 | 1987 | Spanish | Braga | 427000 | Portugal | Linux | Xebian | English | Apple | iPhone 6 | iOS 10.2 | delantero7 | delantero7 | [Diego registrar los [Diego enters 'Cristiano' into Campo para ingresar el nombre, Diego enters 'Ronaldo' into Campo para ingresar el apellido, Diego enters 'cristianoCR7@gmail.com' into Campo para ingresar el email, Diego clicks on campo para seleccionar el mes, Diego select March on campo para seleccionar el mes, Diego select 19 on campo para seleccionar el dia, Diego select 1987 on campo para seleccionar el año, Diego clicks on Campo para seleccionar el lenguaje, Diego enters 'Spanish' then hits [ENTER] into Campo para seleccionar el lenguaje]]
[Test worker] WARN net.thucydides.core.steps.BaseStepListener - stepStarted: net.thucydides.core.steps.ExecutedStepDescription@527c1418
[Test worker] WARN net.thucydides.core.steps.BaseStepListener - stepFinished: current outcome:Registro de usuario:Given que me encuentro en la pagina de registro de Utest [Diego abrir [Diego opens the Abrir page, Diego clicks on Boton para iniciar el formulario de registro]], When complete todos los campos del formulario de registro
| strNombre | strApellido | strEmail | strMes | strDia | strAnio | strLenguaje | strCiudad | strPostal | strPais | strSO | strVersionSo | strLenguageSo | strMobil | strModelo | strSOMobil | strPassword | strConfirmPas |
| Cristiano | Ronaldo | cristianoCR7@gmail.com | March | 19 | 1987 | Spanish | Braga | 427000 | Portugal | Linux | Xebian | English | Apple | iPhone 6 | iOS 10.2 | delantero7 | delantero7 | [Diego registrar los [Diego enters 'Cristiano' into Campo para ingresar el nombre, Diego enters 'Ronaldo' into Campo para ingresar el apellido, Diego enters 'cristianoCR7@gmail.com' into Campo para ingresar el email, Diego clicks on campo para seleccionar el mes, Diego select March on campo para seleccionar el mes, Diego select 19 on campo para seleccionar el dia, Diego select 1987 on campo para seleccionar el año, Diego clicks on Campo para seleccionar el lenguaje, Diego enters 'Spanish' then hits [ENTER] into Campo para seleccionar el lenguaje, Diego clicks on Boton para el siguiente paso]]
[Test worker] WARN net.thucydides.core.steps.BaseStepListener - stepFinished: current outcome:Registro de usuario:Given que me encuentro en la pagina de registro de Utest [Diego abrir [Diego opens the Abrir page, Diego clicks on Boton para iniciar el formulario de registro]], When complete todos los campos del formulario de registro
| strNombre | strApellido | strEmail | strMes | strDia | strAnio | strLenguaje | strCiudad | strPostal | strPais | strSO | strVersionSo | strLenguageSo | strMobil | strModelo | strSOMobil | strPassword | strConfirmPas |
| Cristiano | Ronaldo | cristianoCR7@gmail.com | March | 19 | 1987 | Spanish | Braga | 427000 | Portugal | Linux | Xebian | English | Apple | iPhone 6 | iOS 10.2 | delantero7 | delantero7 | [Diego registrar los [Diego enters 'Cristiano' into Campo para ingresar el nombre, Diego enters 'Ronaldo' into Campo para ingresar el apellido, Diego enters 'cristianoCR7@gmail.com' into Campo para ingresar el email, Diego clicks on campo para seleccionar el mes, Diego select March on campo para seleccionar el mes, Diego select 19 on campo para seleccionar el dia, Diego select 1987 on campo para seleccionar el año, Diego clicks on Campo para seleccionar el lenguaje, Diego enters 'Spanish' then hits [ENTER] into Campo para seleccionar el lenguaje, Diego clicks on Boton para el siguiente paso]]
[Test worker] WARN net.thucydides.core.steps.BaseStepListener - stepStarted: net.thucydides.core.steps.ExecutedStepDescription@6f43870f
[Test worker] WARN net.thucydides.core.steps.BaseStepListener - stepStarted: net.thucydides.core.steps.ExecutedStepDescription@719ce822
[Test worker] WARN net.thucydides.core.steps.BaseStepListener - stepFinished: current outcome:Registro de usuario:Given que me encuentro en la pagina de registro de Utest [Diego abrir [Diego opens the Abrir page, Diego clicks on Boton para iniciar el formulario de registro]], When complete todos los campos del formulario de registro
| strNombre | strApellido | strEmail | strMes | strDia | strAnio | strLenguaje | strCiudad | strPostal | strPais | strSO | strVersionSo | strLenguageSo | strMobil | strModelo | strSOMobil | strPassword | strConfirmPas |
| Cristiano | Ronaldo | cristianoCR7@gmail.com | March | 19 | 1987 | Spanish | Braga | 427000 | Portugal | Linux | Xebian | English | Apple | iPhone 6 | iOS 10.2 | delantero7 | delantero7 | [Diego registrar los [Diego enters 'Cristiano' into Campo para ingresar el nombre, Diego enters 'Ronaldo' into Campo para ingresar el apellido, Diego enters 'cristianoCR7@gmail.com' into Campo para ingresar el email, Diego clicks on campo para seleccionar el mes, Diego select March on campo para seleccionar el mes, Diego select 19 on campo para seleccionar el dia, Diego select 1987 on campo para seleccionar el año, Diego clicks on Campo para seleccionar el lenguaje, Diego enters 'Spanish' then hits [ENTER] into Campo para seleccionar el lenguaje, Diego clicks on Boton para el siguiente paso], Diego ingresar [Diego esperar]]
[Test worker] WARN net.thucydides.core.steps.BaseStepListener - stepStarted: net.thucydides.core.steps.ExecutedStepDescription@4df6e8db
[Test worker] WARN net.thucydides.core.steps.BaseStepListener - stepFinished: current outcome:Registro de usuario:Given que me encuentro en la pagina de registro de Utest [Diego abrir [Diego opens the Abrir page, Diego clicks on Boton para iniciar el formulario de registro]], When complete todos los campos del formulario de registro
| strNombre | strApellido | strEmail | strMes | strDia | strAnio | strLenguaje | strCiudad | strPostal | strPais | strSO | strVersionSo | strLenguageSo | strMobil | strModelo | strSOMobil | strPassword | strConfirmPas |
| Cristiano | Ronaldo | cristianoCR7@gmail.com | March | 19 | 1987 | Spanish | Braga | 427000 | Portugal | Linux | Xebian | English | Apple | iPhone 6 | iOS 10.2 | delantero7 | delantero7 | [Diego registrar los [Diego enters 'Cristiano' into Campo para ingresar el nombre, Diego enters 'Ronaldo' into Campo para ingresar el apellido, Diego enters 'cristianoCR7@gmail.com' into Campo para ingresar el email, Diego clicks on campo para seleccionar el mes, Diego select March on campo para seleccionar el mes, Diego select 19 on campo para seleccionar el dia, Diego select 1987 on campo para seleccionar el año, Diego clicks on Campo para seleccionar el lenguaje, Diego enters 'Spanish' then hits [ENTER] into Campo para seleccionar el lenguaje, Diego clicks on Boton para el siguiente paso], Diego ingresar [Diego esperar, Diego enters 'Braga' into Campo para la ciudad]]
[Test worker] WARN net.thucydides.core.steps.BaseStepListener - stepStarted: net.thucydides.core.steps.ExecutedStepDescription@1acd74a7
[Test worker] WARN net.thucydides.core.steps.BaseStepListener - stepFinished: current outcome:Registro de usuario:Given que me encuentro en la pagina de registro de Utest [Diego abrir [Diego opens the Abrir page, Diego clicks on Boton para iniciar el formulario de registro]], When complete todos los campos del formulario de registro
| strNombre | strApellido | strEmail | strMes | strDia | strAnio | strLenguaje | strCiudad | strPostal | strPais | strSO | strVersionSo | strLenguageSo | strMobil | strModelo | strSOMobil | strPassword | strConfirmPas |
| Cristiano | Ronaldo | cristianoCR7@gmail.com | March | 19 | 1987 | Spanish | Braga | 427000 | Portugal | Linux | Xebian | English | Apple | iPhone 6 | iOS 10.2 | delantero7 | delantero7 | [Diego registrar los [Diego enters 'Cristiano' into Campo para ingresar el nombre, Diego enters 'Ronaldo' into Campo para ingresar el apellido, Diego enters 'cristianoCR7@gmail.com' into Campo para ingresar el email, Diego clicks on campo para seleccionar el mes, Diego select March on campo para seleccionar el mes, Diego select 19 on campo para seleccionar el dia, Diego select 1987 on campo para seleccionar el año, Diego clicks on Campo para seleccionar el lenguaje, Diego enters 'Spanish' then hits [ENTER] into Campo para seleccionar el lenguaje, Diego clicks on Boton para el siguiente paso], Diego ingresar [Diego esperar, Diego enters 'Braga' into Campo para la ciudad, Diego types 'ARROW_DOWN' in Campo para la ciudad]]
[Test worker] WARN net.thucydides.core.steps.BaseStepListener - stepStarted: net.thucydides.core.steps.ExecutedStepDescription@4d701a7d
[Test worker] WARN net.thucydides.core.steps.BaseStepListener - stepFinished: current outcome:Registro de usuario:Given que me encuentro en la pagina de registro de Utest [Diego abrir [Diego opens the Abrir page, Diego clicks on Boton para iniciar el formulario de registro]], When complete todos los campos del formulario de registro
| strNombre | strApellido | strEmail | strMes | strDia | strAnio | strLenguaje | strCiudad | strPostal | strPais | strSO | strVersionSo | strLenguageSo | strMobil | strModelo | strSOMobil | strPassword | strConfirmPas |
| Cristiano | Ronaldo | cristianoCR7@gmail.com | March | 19 | 1987 | Spanish | Braga | 427000 | Portugal | Linux | Xebian | English | Apple | iPhone 6 | iOS 10.2 | delantero7 | delantero7 | [Diego registrar los [Diego enters 'Cristiano' into Campo para ingresar el nombre, Diego enters 'Ronaldo' into Campo para ingresar el apellido, Diego enters 'cristianoCR7@gmail.com' into Campo para ingresar el email, Diego clicks on campo para seleccionar el mes, Diego select March on campo para seleccionar el mes, Diego select 19 on campo para seleccionar el dia, Diego select 1987 on campo para seleccionar el año, Diego clicks on Campo para seleccionar el lenguaje, Diego enters 'Spanish' then hits [ENTER] into Campo para seleccionar el lenguaje, Diego clicks on Boton para el siguiente paso], Diego ingresar [Diego esperar, Diego enters 'Braga' into Campo para la ciudad, Diego types 'ARROW_DOWN' in Campo para la ciudad, Diego types 'ENTER' in Campo para la ciudad]]
[Test worker] WARN net.thucydides.core.steps.BaseStepListener - stepStarted: net.thucydides.core.steps.ExecutedStepDescription@81e1bd7
[Test worker] WARN net.thucydides.core.steps.BaseStepListener - stepFinished: current outcome:Registro de usuario:Given que me encuentro en la pagina de registro de Utest [Diego abrir [Diego opens the Abrir page, Diego clicks on Boton para iniciar el formulario de registro]], When complete todos los campos del formulario de registro
| strNombre | strApellido | strEmail | strMes | strDia | strAnio | strLenguaje | strCiudad | strPostal | strPais | strSO | strVersionSo | strLenguageSo | strMobil | strModelo | strSOMobil | strPassword | strConfirmPas |
| Cristiano | Ronaldo | cristianoCR7@gmail.com | March | 19 | 1987 | Spanish | Braga | 427000 | Portugal | Linux | Xebian | English | Apple | iPhone 6 | iOS 10.2 | delantero7 | delantero7 | [Diego registrar los [Diego enters 'Cristiano' into Campo para ingresar el nombre, Diego enters 'Ronaldo' into Campo para ingresar el apellido, Diego enters 'cristianoCR7@gmail.com' into Campo para ingresar el email, Diego clicks on campo para seleccionar el mes, Diego select March on campo para seleccionar el mes, Diego select 19 on campo para seleccionar el dia, Diego select 1987 on campo para seleccionar el año, Diego clicks on Campo para seleccionar el lenguaje, Diego enters 'Spanish' then hits [ENTER] into Campo para seleccionar el lenguaje, Diego clicks on Boton para el siguiente paso], Diego ingresar [Diego esperar, Diego enters 'Braga' into Campo para la ciudad, Diego types 'ARROW_DOWN' in Campo para la ciudad, Diego types 'ENTER' in Campo para la ciudad, Diego enters '427000' into Campo para el codigo postal]]
[Test worker] WARN net.thucydides.core.steps.BaseStepListener - stepStarted: net.thucydides.core.steps.ExecutedStepDescription@25ead171
[Test worker] WARN net.thucydides.core.steps.BaseStepListener - stepFinished: current outcome:Registro de usuario:Given que me encuentro en la pagina de registro de Utest [Diego abrir [Diego opens the Abrir page, Diego clicks on Boton para iniciar el formulario de registro]], When complete todos los campos del formulario de registro
| strNombre | strApellido | strEmail | strMes | strDia | strAnio | strLenguaje | strCiudad | strPostal | strPais | strSO | strVersionSo | strLenguageSo | strMobil | strModelo | strSOMobil | strPassword | strConfirmPas |
| Cristiano | Ronaldo | cristianoCR7@gmail.com | March | 19 | 1987 | Spanish | Braga | 427000 | Portugal | Linux | Xebian | English | Apple | iPhone 6 | iOS 10.2 | delantero7 | delantero7 | [Diego registrar los [Diego enters 'Cristiano' into Campo para ingresar el nombre, Diego enters 'Ronaldo' into Campo para ingresar el apellido, Diego enters 'cristianoCR7@gmail.com' into Campo para ingresar el email, Diego clicks on campo para seleccionar el mes, Diego select March on campo para seleccionar el mes, Diego select 19 on campo para seleccionar el dia, Diego select 1987 on campo para seleccionar el año, Diego clicks on Campo para seleccionar el lenguaje, Diego enters 'Spanish' then hits [ENTER] into Campo para seleccionar el lenguaje, Diego clicks on Boton para el siguiente paso], Diego ingresar [Diego esperar, Diego enters 'Braga' into Campo para la ciudad, Diego types 'ARROW_DOWN' in Campo para la ciudad, Diego types 'ENTER' in Campo para la ciudad, Diego enters '427000' into Campo para el codigo postal, Diego types 'ARROW_DOWN' in Campo para el codigo postal]]
[Test worker] WARN net.thucydides.core.steps.BaseStepListener - stepStarted: net.thucydides.core.steps.ExecutedStepDescription@64166933
[Test worker] WARN net.thucydides.core.steps.BaseStepListener - stepFinished: current outcome:Registro de usuario:Given que me encuentro en la pagina de registro de Utest [Diego abrir [Diego opens the Abrir page, Diego clicks on Boton para iniciar el formulario de registro]], When complete todos los campos del formulario de registro
| strNombre | strApellido | strEmail | strMes | strDia | strAnio | strLenguaje | strCiudad | strPostal | strPais | strSO | strVersionSo | strLenguageSo | strMobil | strModelo | strSOMobil | strPassword | strConfirmPas |
| Cristiano | Ronaldo | cristianoCR7@gmail.com | March | 19 | 1987 | Spanish | Braga | 427000 | Portugal | Linux | Xebian | English | Apple | iPhone 6 | iOS 10.2 | delantero7 | delantero7 | [Diego registrar los [Diego enters 'Cristiano' into Campo para ingresar el nombre, Diego enters 'Ronaldo' into Campo para ingresar el apellido, Diego enters 'cristianoCR7@gmail.com' into Campo para ingresar el email, Diego clicks on campo para seleccionar el mes, Diego select March on campo para seleccionar el mes, Diego select 19 on campo para seleccionar el dia, Diego select 1987 on campo para seleccionar el año, Diego clicks on Campo para seleccionar el lenguaje, Diego enters 'Spanish' then hits [ENTER] into Campo para seleccionar el lenguaje, Diego clicks on Boton para el siguiente paso], Diego ingresar [Diego esperar, Diego enters 'Braga' into Campo para la ciudad, Diego types 'ARROW_DOWN' in Campo para la ciudad, Diego types 'ENTER' in Campo para la ciudad, Diego enters '427000' into Campo para el codigo postal, Diego types 'ARROW_DOWN' in Campo para el codigo postal, Diego types 'ENTER' in Campo para el codigo postal]]
[Test worker] WARN net.thucydides.core.steps.BaseStepListener - stepStarted: net.thucydides.core.steps.ExecutedStepDescription@2c974d8b
[Test worker] WARN net.thucydides.core.steps.BaseStepListener - stepFinished: current outcome:Registro de usuario:Given que me encuentro en la pagina de registro de Utest [Diego abrir [Diego opens the Abrir page, Diego clicks on Boton para iniciar el formulario de registro]], When complete todos los campos del formulario de registro
| strNombre | strApellido | strEmail | strMes | strDia | strAnio | strLenguaje | strCiudad | strPostal | strPais | strSO | strVersionSo | strLenguageSo | strMobil | strModelo | strSOMobil | strPassword | strConfirmPas |
| Cristiano | Ronaldo | cristianoCR7@gmail.com | March | 19 | 1987 | Spanish | Braga | 427000 | Portugal | Linux | Xebian | English | Apple | iPhone 6 | iOS 10.2 | delantero7 | delantero7 | [Diego registrar los [Diego enters 'Cristiano' into Campo para ingresar el nombre, Diego enters 'Ronaldo' into Campo para ingresar el apellido, Diego enters 'cristianoCR7@gmail.com' into Campo para ingresar el email, Diego clicks on campo para seleccionar el mes, Diego select March on campo para seleccionar el mes, Diego select 19 on campo para seleccionar el dia, Diego select 1987 on campo para seleccionar el año, Diego clicks on Campo para seleccionar el lenguaje, Diego enters 'Spanish' then hits [ENTER] into Campo para seleccionar el lenguaje, Diego clicks on Boton para el siguiente paso], Diego ingresar [Diego esperar, Diego enters 'Braga' into Campo para la ciudad, Diego types 'ARROW_DOWN' in Campo para la ciudad, Diego types 'ENTER' in Campo para la ciudad, Diego enters '427000' into Campo para el codigo postal, Diego types 'ARROW_DOWN' in Campo para el codigo postal, Diego types 'ENTER' in Campo para el codigo postal, Diego esperar]]
[Test worker] WARN net.thucydides.core.steps.BaseStepListener - stepStarted: net.thucydides.core.steps.ExecutedStepDescription@73c34ad1
[Test worker] WARN net.thucydides.core.steps.BaseStepListener - stepFinished: current outcome:Registro de usuario:Given que me encuentro en la pagina de registro de Utest [Diego abrir [Diego opens the Abrir page, Diego clicks on Boton para iniciar el formulario de registro]], When complete todos los campos del formulario de registro
| strNombre | strApellido | strEmail | strMes | strDia | strAnio | strLenguaje | strCiudad | strPostal | strPais | strSO | strVersionSo | strLenguageSo | strMobil | strModelo | strSOMobil | strPassword | strConfirmPas |
| Cristiano | Ronaldo | cristianoCR7@gmail.com | March | 19 | 1987 | Spanish | Braga | 427000 | Portugal | Linux | Xebian | English | Apple | iPhone 6 | iOS 10.2 | delantero7 | delantero7 | [Diego registrar los [Diego enters 'Cristiano' into Campo para ingresar el nombre, Diego enters 'Ronaldo' into Campo para ingresar el apellido, Diego enters 'cristianoCR7@gmail.com' into Campo para ingresar el email, Diego clicks on campo para seleccionar el mes, Diego select March on campo para seleccionar el mes, Diego select 19 on campo para seleccionar el dia, Diego select 1987 on campo para seleccionar el año, Diego clicks on Campo para seleccionar el lenguaje, Diego enters 'Spanish' then hits [ENTER] into Campo para seleccionar el lenguaje, Diego clicks on Boton para el siguiente paso], Diego ingresar [Diego esperar, Diego enters 'Braga' into Campo para la ciudad, Diego types 'ARROW_DOWN' in Campo para la ciudad, Diego types 'ENTER' in Campo para la ciudad, Diego enters '427000' into Campo para el codigo postal, Diego types 'ARROW_DOWN' in Campo para el codigo postal, Diego types 'ENTER' in Campo para el codigo postal, Diego esperar, Diego clicks on Campo para seleccionar el pais]]
[Test worker] WARN net.thucydides.core.steps.BaseStepListener - stepStarted: net.thucydides.core.steps.ExecutedStepDescription@741a2d57
[Test worker] WARN net.thucydides.core.steps.BaseStepListener - stepFinished: current outcome:Registro de usuario:Given que me encuentro en la pagina de registro de Utest [Diego abrir [Diego opens the Abrir page, Diego clicks on Boton para iniciar el formulario de registro]], When complete todos los campos del formulario de registro
| strNombre | strApellido | strEmail | strMes | strDia | strAnio | strLenguaje | strCiudad | strPostal | strPais | strSO | strVersionSo | strLenguageSo | strMobil | strModelo | strSOMobil | strPassword | strConfirmPas |
| Cristiano | Ronaldo | cristianoCR7@gmail.com | March | 19 | 1987 | Spanish | Braga | 427000 | Portugal | Linux | Xebian | English | Apple | iPhone 6 | iOS 10.2 | delantero7 | delantero7 | [Diego registrar los [Diego enters 'Cristiano' into Campo para ingresar el nombre, Diego enters 'Ronaldo' into Campo para ingresar el apellido, Diego enters 'cristianoCR7@gmail.com' into Campo para ingresar el email, Diego clicks on campo para seleccionar el mes, Diego select March on campo para seleccionar el mes, Diego select 19 on campo para seleccionar el dia, Diego select 1987 on campo para seleccionar el año, Diego clicks on Campo para seleccionar el lenguaje, Diego enters 'Spanish' then hits [ENTER] into Campo para seleccionar el lenguaje, Diego clicks on Boton para el siguiente paso], Diego ingresar [Diego esperar, Diego enters 'Braga' into Campo para la ciudad, Diego types 'ARROW_DOWN' in Campo para la ciudad, Diego types 'ENTER' in Campo para la ciudad, Diego enters '427000' into Campo para el codigo postal, Diego types 'ARROW_DOWN' in Campo para el codigo postal, Diego types 'ENTER' in Campo para el codigo postal, Diego esperar, Diego clicks on Campo para seleccionar el pais, Diego enters 'Portugal' then hits [ENTER] into pais seleccionado]]
[Test worker] WARN net.thucydides.core.steps.BaseStepListener - stepStarted: net.thucydides.core.steps.ExecutedStepDescription@3ad8adc6
[Test worker] WARN net.thucydides.core.steps.BaseStepListener - stepFinished: current outcome:Registro de usuario:Given que me encuentro en la pagina de registro de Utest [Diego abrir [Diego opens the Abrir page, Diego clicks on Boton para iniciar el formulario de registro]], When complete todos los campos del formulario de registro
| strNombre | strApellido | strEmail | strMes | strDia | strAnio | strLenguaje | strCiudad | strPostal | strPais | strSO | strVersionSo | strLenguageSo | strMobil | strModelo | strSOMobil | strPassword | strConfirmPas |
| Cristiano | Ronaldo | cristianoCR7@gmail.com | March | 19 | 1987 | Spanish | Braga | 427000 | Portugal | Linux | Xebian | English | Apple | iPhone 6 | iOS 10.2 | delantero7 | delantero7 | [Diego registrar los [Diego enters 'Cristiano' into Campo para ingresar el nombre, Diego enters 'Ronaldo' into Campo para ingresar el apellido, Diego enters 'cristianoCR7@gmail.com' into Campo para ingresar el email, Diego clicks on campo para seleccionar el mes, Diego select March on campo para seleccionar el mes, Diego select 19 on campo para seleccionar el dia, Diego select 1987 on campo para seleccionar el año, Diego clicks on Campo para seleccionar el lenguaje, Diego enters 'Spanish' then hits [ENTER] into Campo para seleccionar el lenguaje, Diego clicks on Boton para el siguiente paso], Diego ingresar [Diego esperar, Diego enters 'Braga' into Campo para la ciudad, Diego types 'ARROW_DOWN' in Campo para la ciudad, Diego types 'ENTER' in Campo para la ciudad, Diego enters '427000' into Campo para el codigo postal, Diego types 'ARROW_DOWN' in Campo para el codigo postal, Diego types 'ENTER' in Campo para el codigo postal, Diego esperar, Diego clicks on Campo para seleccionar el pais, Diego enters 'Portugal' then hits [ENTER] into pais seleccionado, Diego clicks on Boton para continuar al siguiente paso]]
[Test worker] WARN net.thucydides.core.steps.BaseStepListener - stepFinished: current outcome:Registro de usuario:Given que me encuentro en la pagina de registro de Utest [Diego abrir [Diego opens the Abrir page, Diego clicks on Boton para iniciar el formulario de registro]], When complete todos los campos del formulario de registro
| strNombre | strApellido | strEmail | strMes | strDia | strAnio | strLenguaje | strCiudad | strPostal | strPais | strSO | strVersionSo | strLenguageSo | strMobil | strModelo | strSOMobil | strPassword | strConfirmPas |
| Cristiano | Ronaldo | cristianoCR7@gmail.com | March | 19 | 1987 | Spanish | Braga | 427000 | Portugal | Linux | Xebian | English | Apple | iPhone 6 | iOS 10.2 | delantero7 | delantero7 | [Diego registrar los [Diego enters 'Cristiano' into Campo para ingresar el nombre, Diego enters 'Ronaldo' into Campo para ingresar el apellido, Diego enters 'cristianoCR7@gmail.com' into Campo para ingresar el email, Diego clicks on campo para seleccionar el mes, Diego select March on campo para seleccionar el mes, Diego select 19 on campo para seleccionar el dia, Diego select 1987 on campo para seleccionar el año, Diego clicks on Campo para seleccionar el lenguaje, Diego enters 'Spanish' then hits [ENTER] into Campo para seleccionar el lenguaje, Diego clicks on Boton para el siguiente paso], Diego ingresar [Diego esperar, Diego enters 'Braga' into Campo para la ciudad, Diego types 'ARROW_DOWN' in Campo para la ciudad, Diego types 'ENTER' in Campo para la ciudad, Diego enters '427000' into Campo para el codigo postal, Diego types 'ARROW_DOWN' in Campo para el codigo postal, Diego types 'ENTER' in Campo para el codigo postal, Diego esperar, Diego clicks on Campo para seleccionar el pais, Diego enters 'Portugal' then hits [ENTER] into pais seleccionado, Diego clicks on Boton para continuar al siguiente paso]]
[Test worker] WARN net.thucydides.core.steps.BaseStepListener - stepStarted: net.thucydides.core.steps.ExecutedStepDescription@3b4e07a7
[Test worker] WARN net.thucydides.core.steps.BaseStepListener - stepStarted: net.thucydides.core.steps.ExecutedStepDescription@1787757a
[Test worker] WARN net.thucydides.core.steps.BaseStepListener - stepFinished: current outcome:Registro de usuario:Given que me encuentro en la pagina de registro de Utest [Diego abrir [Diego opens the Abrir page, Diego clicks on Boton para iniciar el formulario de registro]], When complete todos los campos del formulario de registro
| strNombre | strApellido | strEmail | strMes | strDia | strAnio | strLenguaje | strCiudad | strPostal | strPais | strSO | strVersionSo | strLenguageSo | strMobil | strModelo | strSOMobil | strPassword | strConfirmPas |
| Cristiano | Ronaldo | cristianoCR7@gmail.com | March | 19 | 1987 | Spanish | Braga | 427000 | Portugal | Linux | Xebian | English | Apple | iPhone 6 | iOS 10.2 | delantero7 | delantero7 | [Diego registrar los [Diego enters 'Cristiano' into Campo para ingresar el nombre, Diego enters 'Ronaldo' into Campo para ingresar el apellido, Diego enters 'cristianoCR7@gmail.com' into Campo para ingresar el email, Diego clicks on campo para seleccionar el mes, Diego select March on campo para seleccionar el mes, Diego select 19 on campo para seleccionar el dia, Diego select 1987 on campo para seleccionar el año, Diego clicks on Campo para seleccionar el lenguaje, Diego enters 'Spanish' then hits [ENTER] into Campo para seleccionar el lenguaje, Diego clicks on Boton para el siguiente paso], Diego ingresar [Diego esperar, Diego enters 'Braga' into Campo para la ciudad, Diego types 'ARROW_DOWN' in Campo para la ciudad, Diego types 'ENTER' in Campo para la ciudad, Diego enters '427000' into Campo para el codigo postal, Diego types 'ARROW_DOWN' in Campo para el codigo postal, Diego types 'ENTER' in Campo para el codigo postal, Diego esperar, Diego clicks on Campo para seleccionar el pais, Diego enters 'Portugal' then hits [ENTER] into pais seleccionado, Diego clicks on Boton para continuar al siguiente paso], Diego definir [Diego clicks on Campo para el sistema operativo]]
[Test worker] WARN net.thucydides.core.steps.BaseStepListener - stepStarted: net.thucydides.core.steps.ExecutedStepDescription@1a39f0d
[Test worker] WARN net.thucydides.core.steps.BaseStepListener - stepFinished: current outcome:Registro de usuario:Given que me encuentro en la pagina de registro de Utest [Diego abrir [Diego opens the Abrir page, Diego clicks on Boton para iniciar el formulario de registro]], When complete todos los campos del formulario de registro
| strNombre | strApellido | strEmail | strMes | strDia | strAnio | strLenguaje | strCiudad | strPostal | strPais | strSO | strVersionSo | strLenguageSo | strMobil | strModelo | strSOMobil | strPassword | strConfirmPas |
| Cristiano | Ronaldo | cristianoCR7@gmail.com | March | 19 | 1987 | Spanish | Braga | 427000 | Portugal | Linux | Xebian | English | Apple | iPhone 6 | iOS 10.2 | delantero7 | delantero7 | [Diego registrar los [Diego enters 'Cristiano' into Campo para ingresar el nombre, Diego enters 'Ronaldo' into Campo para ingresar el apellido, Diego enters 'cristianoCR7@gmail.com' into Campo para ingresar el email, Diego clicks on campo para seleccionar el mes, Diego select March on campo para seleccionar el mes, Diego select 19 on campo para seleccionar el dia, Diego select 1987 on campo para seleccionar el año, Diego clicks on Campo para seleccionar el lenguaje, Diego enters 'Spanish' then hits [ENTER] into Campo para seleccionar el lenguaje, Diego clicks on Boton para el siguiente paso], Diego ingresar [Diego esperar, Diego enters 'Braga' into Campo para la ciudad, Diego types 'ARROW_DOWN' in Campo para la ciudad, Diego types 'ENTER' in Campo para la ciudad, Diego enters '427000' into Campo para el codigo postal, Diego types 'ARROW_DOWN' in Campo para el codigo postal, Diego types 'ENTER' in Campo para el codigo postal, Diego esperar, Diego clicks on Campo para seleccionar el pais, Diego enters 'Portugal' then hits [ENTER] into pais seleccionado, Diego clicks on Boton para continuar al siguiente paso], Diego definir [Diego clicks on Campo para el sistema operativo, Diego enters 'Linux' then hits [ENTER] into Sistema operativo seleccionado]]
[Test worker] WARN net.thucydides.core.steps.BaseStepListener - stepStarted: net.thucydides.core.steps.ExecutedStepDescription@11e7be5d
[Test worker] WARN net.thucydides.core.steps.BaseStepListener - stepFinished: current outcome:Registro de usuario:Given que me encuentro en la pagina de registro de Utest [Diego abrir [Diego opens the Abrir page, Diego clicks on Boton para iniciar el formulario de registro]], When complete todos los campos del formulario de registro
| strNombre | strApellido | strEmail | strMes | strDia | strAnio | strLenguaje | strCiudad | strPostal | strPais | strSO | strVersionSo | strLenguageSo | strMobil | strModelo | strSOMobil | strPassword | strConfirmPas |
| Cristiano | Ronaldo | cristianoCR7@gmail.com | March | 19 | 1987 | Spanish | Braga | 427000 | Portugal | Linux | Xebian | English | Apple | iPhone 6 | iOS 10.2 | delantero7 | delantero7 | [Diego registrar los [Diego enters 'Cristiano' into Campo para ingresar el nombre, Diego enters 'Ronaldo' into Campo para ingresar el apellido, Diego enters 'cristianoCR7@gmail.com' into Campo para ingresar el email, Diego clicks on campo para seleccionar el mes, Diego select March on campo para seleccionar el mes, Diego select 19 on campo para seleccionar el dia, Diego select 1987 on campo para seleccionar el año, Diego clicks on Campo para seleccionar el lenguaje, Diego enters 'Spanish' then hits [ENTER] into Campo para seleccionar el lenguaje, Diego clicks on Boton para el siguiente paso], Diego ingresar [Diego esperar, Diego enters 'Braga' into Campo para la ciudad, Diego types 'ARROW_DOWN' in Campo para la ciudad, Diego types 'ENTER' in Campo para la ciudad, Diego enters '427000' into Campo para el codigo postal, Diego types 'ARROW_DOWN' in Campo para el codigo postal, Diego types 'ENTER' in Campo para el codigo postal, Diego esperar, Diego clicks on Campo para seleccionar el pais, Diego enters 'Portugal' then hits [ENTER] into pais seleccionado, Diego clicks on Boton para continuar al siguiente paso], Diego definir [Diego clicks on Campo para el sistema operativo, Diego enters 'Linux' then hits [ENTER] into Sistema operativo seleccionado, Diego clicks on Campo para la version del so]]
[Test worker] WARN net.thucydides.core.steps.BaseStepListener - stepStarted: net.thucydides.core.steps.ExecutedStepDescription@43e31cee
[Test worker] WARN net.thucydides.core.steps.BaseStepListener - stepFinished: current outcome:Registro de usuario:Given que me encuentro en la pagina de registro de Utest [Diego abrir [Diego opens the Abrir page, Diego clicks on Boton para iniciar el formulario de registro]], When complete todos los campos del formulario de registro
| strNombre | strApellido | strEmail | strMes | strDia | strAnio | strLenguaje | strCiudad | strPostal | strPais | strSO | strVersionSo | strLenguageSo | strMobil | strModelo | strSOMobil | strPassword | strConfirmPas |
| Cristiano | Ronaldo | cristianoCR7@gmail.com | March | 19 | 1987 | Spanish | Braga | 427000 | Portugal | Linux | Xebian | English | Apple | iPhone 6 | iOS 10.2 | delantero7 | delantero7 | [Diego registrar los [Diego enters 'Cristiano' into Campo para ingresar el nombre, Diego enters 'Ronaldo' into Campo para ingresar el apellido, Diego enters 'cristianoCR7@gmail.com' into Campo para ingresar el email, Diego clicks on campo para seleccionar el mes, Diego select March on campo para seleccionar el mes, Diego select 19 on campo para seleccionar el dia, Diego select 1987 on campo para seleccionar el año, Diego clicks on Campo para seleccionar el lenguaje, Diego enters 'Spanish' then hits [ENTER] into Campo para seleccionar el lenguaje, Diego clicks on Boton para el siguiente paso], Diego ingresar [Diego esperar, Diego enters 'Braga' into Campo para la ciudad, Diego types 'ARROW_DOWN' in Campo para la ciudad, Diego types 'ENTER' in Campo para la ciudad, Diego enters '427000' into Campo para el codigo postal, Diego types 'ARROW_DOWN' in Campo para el codigo postal, Diego types 'ENTER' in Campo para el codigo postal, Diego esperar, Diego clicks on Campo para seleccionar el pais, Diego enters 'Portugal' then hits [ENTER] into pais seleccionado, Diego clicks on Boton para continuar al siguiente paso], Diego definir [Diego clicks on Campo para el sistema operativo, Diego enters 'Linux' then hits [ENTER] into Sistema operativo seleccionado, Diego clicks on Campo para la version del so, Diego enters 'Xebian' then hits [ENTER] into version seleccionada]]
[Test worker] WARN net.thucydides.core.steps.BaseStepListener - stepStarted: net.thucydides.core.steps.ExecutedStepDescription@62cad344
[Test worker] WARN net.thucydides.core.steps.BaseStepListener - stepFinished: current outcome:Registro de usuario:Given que me encuentro en la pagina de registro de Utest [Diego abrir [Diego opens the Abrir page, Diego clicks on Boton para iniciar el formulario de registro]], When complete todos los campos del formulario de registro
| strNombre | strApellido | strEmail | strMes | strDia | strAnio | strLenguaje | strCiudad | strPostal | strPais | strSO | strVersionSo | strLenguageSo | strMobil | strModelo | strSOMobil | strPassword | strConfirmPas |
| Cristiano | Ronaldo | cristianoCR7@gmail.com | March | 19 | 1987 | Spanish | Braga | 427000 | Portugal | Linux | Xebian | English | Apple | iPhone 6 | iOS 10.2 | delantero7 | delantero7 | [Diego registrar los [Diego enters 'Cristiano' into Campo para ingresar el nombre, Diego enters 'Ronaldo' into Campo para ingresar el apellido, Diego enters 'cristianoCR7@gmail.com' into Campo para ingresar el email, Diego clicks on campo para seleccionar el mes, Diego select March on campo para seleccionar el mes, Diego select 19 on campo para seleccionar el dia, Diego select 1987 on campo para seleccionar el año, Diego clicks on Campo para seleccionar el lenguaje, Diego enters 'Spanish' then hits [ENTER] into Campo para seleccionar el lenguaje, Diego clicks on Boton para el siguiente paso], Diego ingresar [Diego esperar, Diego enters 'Braga' into Campo para la ciudad, Diego types 'ARROW_DOWN' in Campo para la ciudad, Diego types 'ENTER' in Campo para la ciudad, Diego enters '427000' into Campo para el codigo postal, Diego types 'ARROW_DOWN' in Campo para el codigo postal, Diego types 'ENTER' in Campo para el codigo postal, Diego esperar, Diego clicks on Campo para seleccionar el pais, Diego enters 'Portugal' then hits [ENTER] into pais seleccionado, Diego clicks on Boton para continuar al siguiente paso], Diego definir [Diego clicks on Campo para el sistema operativo, Diego enters 'Linux' then hits [ENTER] into Sistema operativo seleccionado, Diego clicks on Campo para la version del so, Diego enters 'Xebian' then hits [ENTER] into version seleccionada, Diego clicks on campo para el lenguaje del so]]
[Test worker] WARN net.thucydides.core.steps.BaseStepListener - stepStarted: net.thucydides.core.steps.ExecutedStepDescription@6e3c8b61
[Test worker] WARN net.thucydides.core.steps.BaseStepListener - stepFinished: current outcome:Registro de usuario:Given que me encuentro en la pagina de registro de Utest [Diego abrir [Diego opens the Abrir page, Diego clicks on Boton para iniciar el formulario de registro]], When complete todos los campos del formulario de registro
| strNombre | strApellido | strEmail | strMes | strDia | strAnio | strLenguaje | strCiudad | strPostal | strPais | strSO | strVersionSo | strLenguageSo | strMobil | strModelo | strSOMobil | strPassword | strConfirmPas |
| Cristiano | Ronaldo | cristianoCR7@gmail.com | March | 19 | 1987 | Spanish | Braga | 427000 | Portugal | Linux | Xebian | English | Apple | iPhone 6 | iOS 10.2 | delantero7 | delantero7 | [Diego registrar los [Diego enters 'Cristiano' into Campo para ingresar el nombre, Diego enters 'Ronaldo' into Campo para ingresar el apellido, Diego enters 'cristianoCR7@gmail.com' into Campo para ingresar el email, Diego clicks on campo para seleccionar el mes, Diego select March on campo para seleccionar el mes, Diego select 19 on campo para seleccionar el dia, Diego select 1987 on campo para seleccionar el año, Diego clicks on Campo para seleccionar el lenguaje, Diego enters 'Spanish' then hits [ENTER] into Campo para seleccionar el lenguaje, Diego clicks on Boton para el siguiente paso], Diego ingresar [Diego esperar, Diego enters 'Braga' into Campo para la ciudad, Diego types 'ARROW_DOWN' in Campo para la ciudad, Diego types 'ENTER' in Campo para la ciudad, Diego enters '427000' into Campo para el codigo postal, Diego types 'ARROW_DOWN' in Campo para el codigo postal, Diego types 'ENTER' in Campo para el codigo postal, Diego esperar, Diego clicks on Campo para seleccionar el pais, Diego enters 'Portugal' then hits [ENTER] into pais seleccionado, Diego clicks on Boton para continuar al siguiente paso], Diego definir [Diego clicks on Campo para el sistema operativo, Diego enters 'Linux' then hits [ENTER] into Sistema operativo seleccionado, Diego clicks on Campo para la version del so, Diego enters 'Xebian' then hits [ENTER] into version seleccionada, Diego clicks on campo para el lenguaje del so, Diego enters 'English' then hits [ENTER] into lenguaje seleccionado]]
[Test worker] WARN net.thucydides.core.steps.BaseStepListener - stepStarted: net.thucydides.core.steps.ExecutedStepDescription@2fa29f6c
[Test worker] WARN net.thucydides.core.steps.BaseStepListener - stepFinished: current outcome:Registro de usuario:Given que me encuentro en la pagina de registro de Utest [Diego abrir [Diego opens the Abrir page, Diego clicks on Boton para iniciar el formulario de registro]], When complete todos los campos del formulario de registro
| strNombre | strApellido | strEmail | strMes | strDia | strAnio | strLenguaje | strCiudad | strPostal | strPais | strSO | strVersionSo | strLenguageSo | strMobil | strModelo | strSOMobil | strPassword | strConfirmPas |
| Cristiano | Ronaldo | cristianoCR7@gmail.com | March | 19 | 1987 | Spanish | Braga | 427000 | Portugal | Linux | Xebian | English | Apple | iPhone 6 | iOS 10.2 | delantero7 | delantero7 | [Diego registrar los [Diego enters 'Cristiano' into Campo para ingresar el nombre, Diego enters 'Ronaldo' into Campo para ingresar el apellido, Diego enters 'cristianoCR7@gmail.com' into Campo para ingresar el email, Diego clicks on campo para seleccionar el mes, Diego select March on campo para seleccionar el mes, Diego select 19 on campo para seleccionar el dia, Diego select 1987 on campo para seleccionar el año, Diego clicks on Campo para seleccionar el lenguaje, Diego enters 'Spanish' then hits [ENTER] into Campo para seleccionar el lenguaje, Diego clicks on Boton para el siguiente paso], Diego ingresar [Diego esperar, Diego enters 'Braga' into Campo para la ciudad, Diego types 'ARROW_DOWN' in Campo para la ciudad, Diego types 'ENTER' in Campo para la ciudad, Diego enters '427000' into Campo para el codigo postal, Diego types 'ARROW_DOWN' in Campo para el codigo postal, Diego types 'ENTER' in Campo para el codigo postal, Diego esperar, Diego clicks on Campo para seleccionar el pais, Diego enters 'Portugal' then hits [ENTER] into pais seleccionado, Diego clicks on Boton para continuar al siguiente paso], Diego definir [Diego clicks on Campo para el sistema operativo, Diego enters 'Linux' then hits [ENTER] into Sistema operativo seleccionado, Diego clicks on Campo para la version del so, Diego enters 'Xebian' then hits [ENTER] into version seleccionada, Diego clicks on campo para el lenguaje del so, Diego enters 'English' then hits [ENTER] into lenguaje seleccionado, Diego clicks on Campo para la marca del celular]]
[Test worker] WARN net.thucydides.core.steps.BaseStepListener - stepStarted: net.thucydides.core.steps.ExecutedStepDescription@1d0e1f6a
[Test worker] WARN net.thucydides.core.steps.BaseStepListener - stepFinished: current outcome:Registro de usuario:Given que me encuentro en la pagina de registro de Utest [Diego abrir [Diego opens the Abrir page, Diego clicks on Boton para iniciar el formulario de registro]], When complete todos los campos del formulario de registro
| strNombre | strApellido | strEmail | strMes | strDia | strAnio | strLenguaje | strCiudad | strPostal | strPais | strSO | strVersionSo | strLenguageSo | strMobil | strModelo | strSOMobil | strPassword | strConfirmPas |
| Cristiano | Ronaldo | cristianoCR7@gmail.com | March | 19 | 1987 | Spanish | Braga | 427000 | Portugal | Linux | Xebian | English | Apple | iPhone 6 | iOS 10.2 | delantero7 | delantero7 | [Diego registrar los [Diego enters 'Cristiano' into Campo para ingresar el nombre, Diego enters 'Ronaldo' into Campo para ingresar el apellido, Diego enters 'cristianoCR7@gmail.com' into Campo para ingresar el email, Diego clicks on campo para seleccionar el mes, Diego select March on campo para seleccionar el mes, Diego select 19 on campo para seleccionar el dia, Diego select 1987 on campo para seleccionar el año, Diego clicks on Campo para seleccionar el lenguaje, Diego enters 'Spanish' then hits [ENTER] into Campo para seleccionar el lenguaje, Diego clicks on Boton para el siguiente paso], Diego ingresar [Diego esperar, Diego enters 'Braga' into Campo para la ciudad, Diego types 'ARROW_DOWN' in Campo para la ciudad, Diego types 'ENTER' in Campo para la ciudad, Diego enters '427000' into Campo para el codigo postal, Diego types 'ARROW_DOWN' in Campo para el codigo postal, Diego types 'ENTER' in Campo para el codigo postal, Diego esperar, Diego clicks on Campo para seleccionar el pais, Diego enters 'Portugal' then hits [ENTER] into pais seleccionado, Diego clicks on Boton para continuar al siguiente paso], Diego definir [Diego clicks on Campo para el sistema operativo, Diego enters 'Linux' then hits [ENTER] into Sistema operativo seleccionado, Diego clicks on Campo para la version del so, Diego enters 'Xebian' then hits [ENTER] into version seleccionada, Diego clicks on campo para el lenguaje del so, Diego enters 'English' then hits [ENTER] into lenguaje seleccionado, Diego clicks on Campo para la marca del celular, Diego enters 'Apple' then hits [ENTER] into marca del celular seleccionado]]
[Test worker] WARN net.thucydides.core.steps.BaseStepListener - stepStarted: net.thucydides.core.steps.ExecutedStepDescription@6c3922b0
[Test worker] WARN net.thucydides.core.steps.BaseStepListener - stepFinished: current outcome:Registro de usuario:Given que me encuentro en la pagina de registro de Utest [Diego abrir [Diego opens the Abrir page, Diego clicks on Boton para iniciar el formulario de registro]], When complete todos los campos del formulario de registro
| strNombre | strApellido | strEmail | strMes | strDia | strAnio | strLenguaje | strCiudad | strPostal | strPais | strSO | strVersionSo | strLenguageSo | strMobil | strModelo | strSOMobil | strPassword | strConfirmPas |
| Cristiano | Ronaldo | cristianoCR7@gmail.com | March | 19 | 1987 | Spanish | Braga | 427000 | Portugal | Linux | Xebian | English | Apple | iPhone 6 | iOS 10.2 | delantero7 | delantero7 | [Diego registrar los [Diego enters 'Cristiano' into Campo para ingresar el nombre, Diego enters 'Ronaldo' into Campo para ingresar el apellido, Diego enters 'cristianoCR7@gmail.com' into Campo para ingresar el email, Diego clicks on campo para seleccionar el mes, Diego select March on campo para seleccionar el mes, Diego select 19 on campo para seleccionar el dia, Diego select 1987 on campo para seleccionar el año, Diego clicks on Campo para seleccionar el lenguaje, Diego enters 'Spanish' then hits [ENTER] into Campo para seleccionar el lenguaje, Diego clicks on Boton para el siguiente paso], Diego ingresar [Diego esperar, Diego enters 'Braga' into Campo para la ciudad, Diego types 'ARROW_DOWN' in Campo para la ciudad, Diego types 'ENTER' in Campo para la ciudad, Diego enters '427000' into Campo para el codigo postal, Diego types 'ARROW_DOWN' in Campo para el codigo postal, Diego types 'ENTER' in Campo para el codigo postal, Diego esperar, Diego clicks on Campo para seleccionar el pais, Diego enters 'Portugal' then hits [ENTER] into pais seleccionado, Diego clicks on Boton para continuar al siguiente paso], Diego definir [Diego clicks on Campo para el sistema operativo, Diego enters 'Linux' then hits [ENTER] into Sistema operativo seleccionado, Diego clicks on Campo para la version del so, Diego enters 'Xebian' then hits [ENTER] into version seleccionada, Diego clicks on campo para el lenguaje del so, Diego enters 'English' then hits [ENTER] into lenguaje seleccionado, Diego clicks on Campo para la marca del celular, Diego enters 'Apple' then hits [ENTER] into marca del celular seleccionado, Diego clicks on Campo para el modelo del mobil]]
[Test worker] WARN net.thucydides.core.steps.BaseStepListener - stepStarted: net.thucydides.core.steps.ExecutedStepDescription@2816d826
[Test worker] WARN net.thucydides.core.steps.BaseStepListener - stepFinished: current outcome:Registro de usuario:Given que me encuentro en la pagina de registro de Utest [Diego abrir [Diego opens the Abrir page, Diego clicks on Boton para iniciar el formulario de registro]], When complete todos los campos del formulario de registro
| strNombre | strApellido | strEmail | strMes | strDia | strAnio | strLenguaje | strCiudad | strPostal | strPais | strSO | strVersionSo | strLenguageSo | strMobil | strModelo | strSOMobil | strPassword | strConfirmPas |
| Cristiano | Ronaldo | cristianoCR7@gmail.com | March | 19 | 1987 | Spanish | Braga | 427000 | Portugal | Linux | Xebian | English | Apple | iPhone 6 | iOS 10.2 | delantero7 | delantero7 | [Diego registrar los [Diego enters 'Cristiano' into Campo para ingresar el nombre, Diego enters 'Ronaldo' into Campo para ingresar el apellido, Diego enters 'cristianoCR7@gmail.com' into Campo para ingresar el email, Diego clicks on campo para seleccionar el mes, Diego select March on campo para seleccionar el mes, Diego select 19 on campo para seleccionar el dia, Diego select 1987 on campo para seleccionar el año, Diego clicks on Campo para seleccionar el lenguaje, Diego enters 'Spanish' then hits [ENTER] into Campo para seleccionar el lenguaje, Diego clicks on Boton para el siguiente paso], Diego ingresar [Diego esperar, Diego enters 'Braga' into Campo para la ciudad, Diego types 'ARROW_DOWN' in Campo para la ciudad, Diego types 'ENTER' in Campo para la ciudad, Diego enters '427000' into Campo para el codigo postal, Diego types 'ARROW_DOWN' in Campo para el codigo postal, Diego types 'ENTER' in Campo para el codigo postal, Diego esperar, Diego clicks on Campo para seleccionar el pais, Diego enters 'Portugal' then hits [ENTER] into pais seleccionado, Diego clicks on Boton para continuar al siguiente paso], Diego definir [Diego clicks on Campo para el sistema operativo, Diego enters 'Linux' then hits [ENTER] into Sistema operativo seleccionado, Diego clicks on Campo para la version del so, Diego enters 'Xebian' then hits [ENTER] into version seleccionada, Diego clicks on campo para el lenguaje del so, Diego enters 'English' then hits [ENTER] into lenguaje seleccionado, Diego clicks on Campo para la marca del celular, Diego enters 'Apple' then hits [ENTER] into marca del celular seleccionado, Diego clicks on Campo para el modelo del mobil, Diego enters 'iPhone 6' then hits [ENTER] into Modelo seleccionado]]
[Test worker] WARN net.thucydides.core.steps.BaseStepListener - stepStarted: net.thucydides.core.steps.ExecutedStepDescription@25ae03df
[Test worker] WARN net.thucydides.core.steps.BaseStepListener - stepFinished: current outcome:Registro de usuario:Given que me encuentro en la pagina de registro de Utest [Diego abrir [Diego opens the Abrir page, Diego clicks on Boton para iniciar el formulario de registro]], When complete todos los campos del formulario de registro
| strNombre | strApellido | strEmail | strMes | strDia | strAnio | strLenguaje | strCiudad | strPostal | strPais | strSO | strVersionSo | strLenguageSo | strMobil | strModelo | strSOMobil | strPassword | strConfirmPas |
| Cristiano | Ronaldo | cristianoCR7@gmail.com | March | 19 | 1987 | Spanish | Braga | 427000 | Portugal | Linux | Xebian | English | Apple | iPhone 6 | iOS 10.2 | delantero7 | delantero7 | [Diego registrar los [Diego enters 'Cristiano' into Campo para ingresar el nombre, Diego enters 'Ronaldo' into Campo para ingresar el apellido, Diego enters 'cristianoCR7@gmail.com' into Campo para ingresar el email, Diego clicks on campo para seleccionar el mes, Diego select March on campo para seleccionar el mes, Diego select 19 on campo para seleccionar el dia, Diego select 1987 on campo para seleccionar el año, Diego clicks on Campo para seleccionar el lenguaje, Diego enters 'Spanish' then hits [ENTER] into Campo para seleccionar el lenguaje, Diego clicks on Boton para el siguiente paso], Diego ingresar [Diego esperar, Diego enters 'Braga' into Campo para la ciudad, Diego types 'ARROW_DOWN' in Campo para la ciudad, Diego types 'ENTER' in Campo para la ciudad, Diego enters '427000' into Campo para el codigo postal, Diego types 'ARROW_DOWN' in Campo para el codigo postal, Diego types 'ENTER' in Campo para el codigo postal, Diego esperar, Diego clicks on Campo para seleccionar el pais, Diego enters 'Portugal' then hits [ENTER] into pais seleccionado, Diego clicks on Boton para continuar al siguiente paso], Diego definir [Diego clicks on Campo para el sistema operativo, Diego enters 'Linux' then hits [ENTER] into Sistema operativo seleccionado, Diego clicks on Campo para la version del so, Diego enters 'Xebian' then hits [ENTER] into version seleccionada, Diego clicks on campo para el lenguaje del so, Diego enters 'English' then hits [ENTER] into lenguaje seleccionado, Diego clicks on Campo para la marca del celular, Diego enters 'Apple' then hits [ENTER] into marca del celular seleccionado, Diego clicks on Campo para el modelo del mobil, Diego enters 'iPhone 6' then hits [ENTER] into Modelo seleccionado, Diego clicks on Campo para el sistema operativo del mobil]]
[Test worker] WARN net.thucydides.core.steps.BaseStepListener - stepStarted: net.thucydides.core.steps.ExecutedStepDescription@5553293c
[Test worker] WARN net.thucydides.core.steps.BaseStepListener - stepFinished: current outcome:Registro de usuario:Given que me encuentro en la pagina de registro de Utest [Diego abrir [Diego opens the Abrir page, Diego clicks on Boton para iniciar el formulario de registro]], When complete todos los campos del formulario de registro
| strNombre | strApellido | strEmail | strMes | strDia | strAnio | strLenguaje | strCiudad | strPostal | strPais | strSO | strVersionSo | strLenguageSo | strMobil | strModelo | strSOMobil | strPassword | strConfirmPas |
| Cristiano | Ronaldo | cristianoCR7@gmail.com | March | 19 | 1987 | Spanish | Braga | 427000 | Portugal | Linux | Xebian | English | Apple | iPhone 6 | iOS 10.2 | delantero7 | delantero7 | [Diego registrar los [Diego enters 'Cristiano' into Campo para ingresar el nombre, Diego enters 'Ronaldo' into Campo para ingresar el apellido, Diego enters 'cristianoCR7@gmail.com' into Campo para ingresar el email, Diego clicks on campo para seleccionar el mes, Diego select March on campo para seleccionar el mes, Diego select 19 on campo para seleccionar el dia, Diego select 1987 on campo para seleccionar el año, Diego clicks on Campo para seleccionar el lenguaje, Diego enters 'Spanish' then hits [ENTER] into Campo para seleccionar el lenguaje, Diego clicks on Boton para el siguiente paso], Diego ingresar [Diego esperar, Diego enters 'Braga' into Campo para la ciudad, Diego types 'ARROW_DOWN' in Campo para la ciudad, Diego types 'ENTER' in Campo para la ciudad, Diego enters '427000' into Campo para el codigo postal, Diego types 'ARROW_DOWN' in Campo para el codigo postal, Diego types 'ENTER' in Campo para el codigo postal, Diego esperar, Diego clicks on Campo para seleccionar el pais, Diego enters 'Portugal' then hits [ENTER] into pais seleccionado, Diego clicks on Boton para continuar al siguiente paso], Diego definir [Diego clicks on Campo para el sistema operativo, Diego enters 'Linux' then hits [ENTER] into Sistema operativo seleccionado, Diego clicks on Campo para la version del so, Diego enters 'Xebian' then hits [ENTER] into version seleccionada, Diego clicks on campo para el lenguaje del so, Diego enters 'English' then hits [ENTER] into lenguaje seleccionado, Diego clicks on Campo para la marca del celular, Diego enters 'Apple' then hits [ENTER] into marca del celular seleccionado, Diego clicks on Campo para el modelo del mobil, Diego enters 'iPhone 6' then hits [ENTER] into Modelo seleccionado, Diego clicks on Campo para el sistema operativo del mobil, Diego enters 'iOS 10.2' then hits [ENTER] into Sistema operativo del mobil seleccionado]]
[Test worker] WARN net.thucydides.core.steps.BaseStepListener - stepStarted: net.thucydides.core.steps.ExecutedStepDescription@13a9b3da
[Test worker] WARN net.thucydides.core.steps.BaseStepListener - stepFinished: current outcome:Registro de usuario:Given que me encuentro en la pagina de registro de Utest [Diego abrir [Diego opens the Abrir page, Diego clicks on Boton para iniciar el formulario de registro]], When complete todos los campos del formulario de registro
| strNombre | strApellido | strEmail | strMes | strDia | strAnio | strLenguaje | strCiudad | strPostal | strPais | strSO | strVersionSo | strLenguageSo | strMobil | strModelo | strSOMobil | strPassword | strConfirmPas |
| Cristiano | Ronaldo | cristianoCR7@gmail.com | March | 19 | 1987 | Spanish | Braga | 427000 | Portugal | Linux | Xebian | English | Apple | iPhone 6 | iOS 10.2 | delantero7 | delantero7 | [Diego registrar los [Diego enters 'Cristiano' into Campo para ingresar el nombre, Diego enters 'Ronaldo' into Campo para ingresar el apellido, Diego enters 'cristianoCR7@gmail.com' into Campo para ingresar el email, Diego clicks on campo para seleccionar el mes, Diego select March on campo para seleccionar el mes, Diego select 19 on campo para seleccionar el dia, Diego select 1987 on campo para seleccionar el año, Diego clicks on Campo para seleccionar el lenguaje, Diego enters 'Spanish' then hits [ENTER] into Campo para seleccionar el lenguaje, Diego clicks on Boton para el siguiente paso], Diego ingresar [Diego esperar, Diego enters 'Braga' into Campo para la ciudad, Diego types 'ARROW_DOWN' in Campo para la ciudad, Diego types 'ENTER' in Campo para la ciudad, Diego enters '427000' into Campo para el codigo postal, Diego types 'ARROW_DOWN' in Campo para el codigo postal, Diego types 'ENTER' in Campo para el codigo postal, Diego esperar, Diego clicks on Campo para seleccionar el pais, Diego enters 'Portugal' then hits [ENTER] into pais seleccionado, Diego clicks on Boton para continuar al siguiente paso], Diego definir [Diego clicks on Campo para el sistema operativo, Diego enters 'Linux' then hits [ENTER] into Sistema operativo seleccionado, Diego clicks on Campo para la version del so, Diego enters 'Xebian' then hits [ENTER] into version seleccionada, Diego clicks on campo para el lenguaje del so, Diego enters 'English' then hits [ENTER] into lenguaje seleccionado, Diego clicks on Campo para la marca del celular, Diego enters 'Apple' then hits [ENTER] into marca del celular seleccionado, Diego clicks on Campo para el modelo del mobil, Diego enters 'iPhone 6' then hits [ENTER] into Modelo seleccionado, Diego clicks on Campo para el sistema operativo del mobil, Diego enters 'iOS 10.2' then hits [ENTER] into Sistema operativo del mobil seleccionado, Diego clicks on Boton para continuar el formulario]]
[Test worker] WARN net.thucydides.core.steps.BaseStepListener - stepFinished: current outcome:Registro de usuario:Given que me encuentro en la pagina de registro de Utest [Diego abrir [Diego opens the Abrir page, Diego clicks on Boton para iniciar el formulario de registro]], When complete todos los campos del formulario de registro
| strNombre | strApellido | strEmail | strMes | strDia | strAnio | strLenguaje | strCiudad | strPostal | strPais | strSO | strVersionSo | strLenguageSo | strMobil | strModelo | strSOMobil | strPassword | strConfirmPas |
| Cristiano | Ronaldo | cristianoCR7@gmail.com | March | 19 | 1987 | Spanish | Braga | 427000 | Portugal | Linux | Xebian | English | Apple | iPhone 6 | iOS 10.2 | delantero7 | delantero7 | [Diego registrar los [Diego enters 'Cristiano' into Campo para ingresar el nombre, Diego enters 'Ronaldo' into Campo para ingresar el apellido, Diego enters 'cristianoCR7@gmail.com' into Campo para ingresar el email, Diego clicks on campo para seleccionar el mes, Diego select March on campo para seleccionar el mes, Diego select 19 on campo para seleccionar el dia, Diego select 1987 on campo para seleccionar el año, Diego clicks on Campo para seleccionar el lenguaje, Diego enters 'Spanish' then hits [ENTER] into Campo para seleccionar el lenguaje, Diego clicks on Boton para el siguiente paso], Diego ingresar [Diego esperar, Diego enters 'Braga' into Campo para la ciudad, Diego types 'ARROW_DOWN' in Campo para la ciudad, Diego types 'ENTER' in Campo para la ciudad, Diego enters '427000' into Campo para el codigo postal, Diego types 'ARROW_DOWN' in Campo para el codigo postal, Diego types 'ENTER' in Campo para el codigo postal, Diego esperar, Diego clicks on Campo para seleccionar el pais, Diego enters 'Portugal' then hits [ENTER] into pais seleccionado, Diego clicks on Boton para continuar al siguiente paso], Diego definir [Diego clicks on Campo para el sistema operativo, Diego enters 'Linux' then hits [ENTER] into Sistema operativo seleccionado, Diego clicks on Campo para la version del so, Diego enters 'Xebian' then hits [ENTER] into version seleccionada, Diego clicks on campo para el lenguaje del so, Diego enters 'English' then hits [ENTER] into lenguaje seleccionado, Diego clicks on Campo para la marca del celular, Diego enters 'Apple' then hits [ENTER] into marca del celular seleccionado, Diego clicks on Campo para el modelo del mobil, Diego enters 'iPhone 6' then hits [ENTER] into Modelo seleccionado, Diego clicks on Campo para el sistema operativo del mobil, Diego enters 'iOS 10.2' then hits [ENTER] into Sistema operativo del mobil seleccionado, Diego clicks on Boton para continuar el formulario]]
[Test worker] WARN net.thucydides.core.steps.BaseStepListener - stepStarted: net.thucydides.core.steps.ExecutedStepDescription@7abaa887
[Test worker] WARN net.thucydides.core.steps.BaseStepListener - stepStarted: net.thucydides.core.steps.ExecutedStepDescription@d3de9a2
[Test worker] WARN net.thucydides.core.steps.BaseStepListener - stepFinished: current outcome:Registro de usuario:Given que me encuentro en la pagina de registro de Utest [Diego abrir [Diego opens the Abrir page, Diego clicks on Boton para iniciar el formulario de registro]], When complete todos los campos del formulario de registro
| strNombre | strApellido | strEmail | strMes | strDia | strAnio | strLenguaje | strCiudad | strPostal | strPais | strSO | strVersionSo | strLenguageSo | strMobil | strModelo | strSOMobil | strPassword | strConfirmPas |
| Cristiano | Ronaldo | cristianoCR7@gmail.com | March | 19 | 1987 | Spanish | Braga | 427000 | Portugal | Linux | Xebian | English | Apple | iPhone 6 | iOS 10.2 | delantero7 | delantero7 | [Diego registrar los [Diego enters 'Cristiano' into Campo para ingresar el nombre, Diego enters 'Ronaldo' into Campo para ingresar el apellido, Diego enters 'cristianoCR7@gmail.com' into Campo para ingresar el email, Diego clicks on campo para seleccionar el mes, Diego select March on campo para seleccionar el mes, Diego select 19 on campo para seleccionar el dia, Diego select 1987 on campo para seleccionar el año, Diego clicks on Campo para seleccionar el lenguaje, Diego enters 'Spanish' then hits [ENTER] into Campo para seleccionar el lenguaje, Diego clicks on Boton para el siguiente paso], Diego ingresar [Diego esperar, Diego enters 'Braga' into Campo para la ciudad, Diego types 'ARROW_DOWN' in Campo para la ciudad, Diego types 'ENTER' in Campo para la ciudad, Diego enters '427000' into Campo para el codigo postal, Diego types 'ARROW_DOWN' in Campo para el codigo postal, Diego types 'ENTER' in Campo para el codigo postal, Diego esperar, Diego clicks on Campo para seleccionar el pais, Diego enters 'Portugal' then hits [ENTER] into pais seleccionado, Diego clicks on Boton para continuar al siguiente paso], Diego definir [Diego clicks on Campo para el sistema operativo, Diego enters 'Linux' then hits [ENTER] into Sistema operativo seleccionado, Diego clicks on Campo para la version del so, Diego enters 'Xebian' then hits [ENTER] into version seleccionada, Diego clicks on campo para el lenguaje del so, Diego enters 'English' then hits [ENTER] into lenguaje seleccionado, Diego clicks on Campo para la marca del celular, Diego enters 'Apple' then hits [ENTER] into marca del celular seleccionado, Diego clicks on Campo para el modelo del mobil, Diego enters 'iPhone 6' then hits [ENTER] into Modelo seleccionado, Diego clicks on Campo para el sistema operativo del mobil, Diego enters 'iOS 10.2' then hits [ENTER] into Sistema operativo del mobil seleccionado, Diego clicks on Boton para continuar el formulario], Diego generar [Diego enters 'delantero7' into Campo para la contraseña]]
[Test worker] WARN net.thucydides.core.steps.BaseStepListener - stepStarted: net.thucydides.core.steps.ExecutedStepDescription@44a3ca85
[Test worker] WARN net.thucydides.core.steps.BaseStepListener - stepFinished: current outcome:Registro de usuario:Given que me encuentro en la pagina de registro de Utest [Diego abrir [Diego opens the Abrir page, Diego clicks on Boton para iniciar el formulario de registro]], When complete todos los campos del formulario de registro
| strNombre | strApellido | strEmail | strMes | strDia | strAnio | strLenguaje | strCiudad | strPostal | strPais | strSO | strVersionSo | strLenguageSo | strMobil | strModelo | strSOMobil | strPassword | strConfirmPas |
| Cristiano | Ronaldo | cristianoCR7@gmail.com | March | 19 | 1987 | Spanish | Braga | 427000 | Portugal | Linux | Xebian | English | Apple | iPhone 6 | iOS 10.2 | delantero7 | delantero7 | [Diego registrar los [Diego enters 'Cristiano' into Campo para ingresar el nombre, Diego enters 'Ronaldo' into Campo para ingresar el apellido, Diego enters 'cristianoCR7@gmail.com' into Campo para ingresar el email, Diego clicks on campo para seleccionar el mes, Diego select March on campo para seleccionar el mes, Diego select 19 on campo para seleccionar el dia, Diego select 1987 on campo para seleccionar el año, Diego clicks on Campo para seleccionar el lenguaje, Diego enters 'Spanish' then hits [ENTER] into Campo para seleccionar el lenguaje, Diego clicks on Boton para el siguiente paso], Diego ingresar [Diego esperar, Diego enters 'Braga' into Campo para la ciudad, Diego types 'ARROW_DOWN' in Campo para la ciudad, Diego types 'ENTER' in Campo para la ciudad, Diego enters '427000' into Campo para el codigo postal, Diego types 'ARROW_DOWN' in Campo para el codigo postal, Diego types 'ENTER' in Campo para el codigo postal, Diego esperar, Diego clicks on Campo para seleccionar el pais, Diego enters 'Portugal' then hits [ENTER] into pais seleccionado, Diego clicks on Boton para continuar al siguiente paso], Diego definir [Diego clicks on Campo para el sistema operativo, Diego enters 'Linux' then hits [ENTER] into Sistema operativo seleccionado, Diego clicks on Campo para la version del so, Diego enters 'Xebian' then hits [ENTER] into version seleccionada, Diego clicks on campo para el lenguaje del so, Diego enters 'English' then hits [ENTER] into lenguaje seleccionado, Diego clicks on Campo para la marca del celular, Diego enters 'Apple' then hits [ENTER] into marca del celular seleccionado, Diego clicks on Campo para el modelo del mobil, Diego enters 'iPhone 6' then hits [ENTER] into Modelo seleccionado, Diego clicks on Campo para el sistema operativo del mobil, Diego enters 'iOS 10.2' then hits [ENTER] into Sistema operativo del mobil seleccionado, Diego clicks on Boton para continuar el formulario], Diego generar [Diego enters 'delantero7' into Campo para la contraseña, Diego enters 'delantero7' into Campo para la confirmar la contraseña]]
[Test worker] WARN net.thucydides.core.steps.BaseStepListener - stepStarted: net.thucydides.core.steps.ExecutedStepDescription@75eb41b7
[Test worker] WARN net.thucydides.core.steps.BaseStepListener - stepFinished: current outcome:Registro de usuario:Given que me encuentro en la pagina de registro de Utest [Diego abrir [Diego opens the Abrir page, Diego clicks on Boton para iniciar el formulario de registro]], When complete todos los campos del formulario de registro
| strNombre | strApellido | strEmail | strMes | strDia | strAnio | strLenguaje | strCiudad | strPostal | strPais | strSO | strVersionSo | strLenguageSo | strMobil | strModelo | strSOMobil | strPassword | strConfirmPas |
[...]
[Test worker] WARN net.thucydides.core.steps.BaseStepListener - stepFinished: current outcome:Registro de usuario:Given que me encuentro en la pagina de registro de Utest [Diego abrir [Diego opens the Abrir page, Diego clicks on Boton para iniciar el formulario de registro]], When complete todos los campos del formulario de registro
| strNombre | strApellido | strEmail | strMes | strDia | strAnio | strLenguaje | strCiudad | strPostal | strPais | strSO | strVersionSo | strLenguageSo | strMobil | strModelo | strSOMobil | strPassword | strConfirmPas |
| Cristiano | Ronaldo | cristianoCR7@gmail.com | March | 19 | 1987 | Spanish | Braga | 427000 | Portugal | Linux | Xebian | English | Apple | iPhone 6 | iOS 10.2 | delantero7 | delantero7 | [Diego registrar los [Diego enters 'Cristiano' into Campo para ingresar el nombre, Diego enters 'Ronaldo' into Campo para ingresar el apellido, Diego enters 'cristianoCR7@gmail.com' into Campo para ingresar el email, Diego clicks on campo para seleccionar el mes, Diego select March on campo para seleccionar el mes, Diego select 19 on campo para seleccionar el dia, Diego select 1987 on campo para seleccionar el año, Diego clicks on Campo para seleccionar el lenguaje, Diego enters 'Spanish' then hits [ENTER] into Campo para seleccionar el lenguaje, Diego clicks on Boton para el siguiente paso], Diego ingresar [Diego esperar, Diego enters 'Braga' into Campo para la ciudad, Diego types 'ARROW_DOWN' in Campo para la ciudad, Diego types 'ENTER' in Campo para la ciudad, Diego enters '427000' into Campo para el codigo postal, Diego types 'ARROW_DOWN' in Campo para el codigo postal, Diego types 'ENTER' in Campo para el codigo postal, Diego esperar, Diego clicks on Campo para seleccionar el pais, Diego enters 'Portugal' then hits [ENTER] into pais seleccionado, Diego clicks on Boton para continuar al siguiente paso], Diego definir [Diego clicks on Campo para el sistema operativo, Diego enters 'Linux' then hits [ENTER] into Sistema operativo seleccionado, Diego clicks on Campo para la version del so, Diego enters 'Xebian' then hits [ENTER] into version seleccionada, Diego clicks on campo para el lenguaje del so, Diego enters 'English' then hits [ENTER] into lenguaje seleccionado, Diego clicks on Campo para la marca del celular, Diego enters 'Apple' then hits [ENTER] into marca del celular seleccionado, Diego clicks on Campo para el modelo del mobil, Diego enters 'iPhone 6' then hits [ENTER] into Modelo seleccionado, Diego clicks on Campo para el sistema operativo del mobil, Diego enters 'iOS 10.2' then hits [ENTER] into Sistema operativo del mobil seleccionado, Diego clicks on Boton para continuar el formulario], Diego generar [Diego enters 'delantero7' into Campo para la contraseña, Diego enters 'delantero7' into Campo para la confirmar la contraseña, Diego clicks on Checkbox de mantener informado, Diego clicks on Checkbox de los teminos - condiciones, Diego clicks on Checkbox de privacidad]]
[Test worker] WARN net.thucydides.core.steps.BaseStepListener - stepStarted: net.thucydides.core.steps.ExecutedStepDescription@3e24e73a
[Test worker] WARN net.thucydides.core.steps.BaseStepListener - stepStarted: net.thucydides.core.steps.ExecutedStepDescription@7924db0d
[Test worker] WARN net.thucydides.core.steps.BaseStepListener - stepFinished: current outcome:Registro de usuario:Given que me encuentro en la pagina de registro de Utest [Diego abrir [Diego opens the Abrir page, Diego clicks on Boton para iniciar el formulario de registro]], When complete todos los campos del formulario de registro
| strNombre | strApellido | strEmail | strMes | strDia | strAnio | strLenguaje | strCiudad | strPostal | strPais | strSO | strVersionSo | strLenguageSo | strMobil | strModelo | strSOMobil | strPassword | strConfirmPas |
| Cristiano | Ronaldo | cristianoCR7@gmail.com | March | 19 | 1987 | Spanish | Braga | 427000 | Portugal | Linux | Xebian | English | Apple | iPhone 6 | iOS 10.2 | delantero7 | delantero7 | [Diego registrar los [Diego enters 'Cristiano' into Campo para ingresar el nombre, Diego enters 'Ronaldo' into Campo para ingresar el apellido, Diego enters 'cristianoCR7@gmail.com' into Campo para ingresar el email, Diego clicks on campo para seleccionar el mes, Diego select March on campo para seleccionar el mes, Diego select 19 on campo para seleccionar el dia, Diego select 1987 on campo para seleccionar el año, Diego clicks on Campo para seleccionar el lenguaje, Diego enters 'Spanish' then hits [ENTER] into Campo para seleccionar el lenguaje, Diego clicks on Boton para el siguiente paso], Diego ingresar [Diego esperar, Diego enters 'Braga' into Campo para la ciudad, Diego types 'ARROW_DOWN' in Campo para la ciudad, Diego types 'ENTER' in Campo para la ciudad, Diego enters '427000' into Campo para el codigo postal, Diego types 'ARROW_DOWN' in Campo para el codigo postal, Diego types 'ENTER' in Campo para el codigo postal, Diego esperar, Diego clicks on Campo para seleccionar el pais, Diego enters 'Portugal' then hits [ENTER] into pais seleccionado, Diego clicks on Boton para continuar al siguiente paso], Diego definir [Diego clicks on Campo para el sistema operativo, Diego enters 'Linux' then hits [ENTER] into Sistema operativo seleccionado, Diego clicks on Campo para la version del so, Diego enters 'Xebian' then hits [ENTER] into version seleccionada, Diego clicks on campo para el lenguaje del so, Diego enters 'English' then hits [ENTER] into lenguaje seleccionado, Diego clicks on Campo para la marca del celular, Diego enters 'Apple' then hits [ENTER] into marca del celular seleccionado, Diego clicks on Campo para el modelo del mobil, Diego enters 'iPhone 6' then hits [ENTER] into Modelo seleccionado, Diego clicks on Campo para el sistema operativo del mobil, Diego enters 'iOS 10.2' then hits [ENTER] into Sistema operativo del mobil seleccionado, Diego clicks on Boton para continuar el formulario], Diego generar [Diego enters 'delantero7' into Campo para la contraseña, Diego enters 'delantero7' into Campo para la confirmar la contraseña, Diego clicks on Checkbox de mantener informado, Diego clicks on Checkbox de los teminos - condiciones, Diego clicks on Checkbox de privacidad]], Then podre tener acceso a la pagina como usuario registrado
| strMensaje |
| The last step | [Then se presenta]
[Test worker] WARN net.thucydides.core.steps.BaseStepListener - stepFinished: current outcome:Registro de usuario:Given que me encuentro en la pagina de registro de Utest [Diego abrir [Diego opens the Abrir page, Diego clicks on Boton para iniciar el formulario de registro]], When complete todos los campos del formulario de registro
| strNombre | strApellido | strEmail | strMes | strDia | strAnio | strLenguaje | strCiudad | strPostal | strPais | strSO | strVersionSo | strLenguageSo | strMobil | strModelo | strSOMobil | strPassword | strConfirmPas |
| Cristiano | Ronaldo | cristianoCR7@gmail.com | March | 19 | 1987 | Spanish | Braga | 427000 | Portugal | Linux | Xebian | English | Apple | iPhone 6 | iOS 10.2 | delantero7 | delantero7 | [Diego registrar los [Diego enters 'Cristiano' into Campo para ingresar el nombre, Diego enters 'Ronaldo' into Campo para ingresar el apellido, Diego enters 'cristianoCR7@gmail.com' into Campo para ingresar el email, Diego clicks on campo para seleccionar el mes, Diego select March on campo para seleccionar el mes, Diego select 19 on campo para seleccionar el dia, Diego select 1987 on campo para seleccionar el año, Diego clicks on Campo para seleccionar el lenguaje, Diego enters 'Spanish' then hits [ENTER] into Campo para seleccionar el lenguaje, Diego clicks on Boton para el siguiente paso], Diego ingresar [Diego esperar, Diego enters 'Braga' into Campo para la ciudad, Diego types 'ARROW_DOWN' in Campo para la ciudad, Diego types 'ENTER' in Campo para la ciudad, Diego enters '427000' into Campo para el codigo postal, Diego types 'ARROW_DOWN' in Campo para el codigo postal, Diego types 'ENTER' in Campo para el codigo postal, Diego esperar, Diego clicks on Campo para seleccionar el pais, Diego enters 'Portugal' then hits [ENTER] into pais seleccionado, Diego clicks on Boton para continuar al siguiente paso], Diego definir [Diego clicks on Campo para el sistema operativo, Diego enters 'Linux' then hits [ENTER] into Sistema operativo seleccionado, Diego clicks on Campo para la version del so, Diego enters 'Xebian' then hits [ENTER] into version seleccionada, Diego clicks on campo para el lenguaje del so, Diego enters 'English' then hits [ENTER] into lenguaje seleccionado, Diego clicks on Campo para la marca del celular, Diego enters 'Apple' then hits [ENTER] into marca del celular seleccionado, Diego clicks on Campo para el modelo del mobil, Diego enters 'iPhone 6' then hits [ENTER] into Modelo seleccionado, Diego clicks on Campo para el sistema operativo del mobil, Diego enters 'iOS 10.2' then hits [ENTER] into Sistema operativo del mobil seleccionado, Diego clicks on Boton para continuar el formulario], Diego generar [Diego enters 'delantero7' into Campo para la contraseña, Diego enters 'delantero7' into Campo para la confirmar la contraseña, Diego clicks on Checkbox de mantener informado, Diego clicks on Checkbox de los teminos - condiciones, Diego clicks on Checkbox de privacidad]], Then podre tener acceso a la pagina como usuario registrado
| strMensaje |
| The last step | [Then se presenta]
[Test worker] WARN net.thucydides.core.steps.BaseStepListener - testFinished: Registro de usuario:Given que me encuentro en la pagina de registro de Utest [Diego abrir [Diego opens the Abrir page, Diego clicks on Boton para iniciar el formulario de registro]], When complete todos los campos del formulario de registro
| strNombre | strApellido | strEmail | strMes | strDia | strAnio | strLenguaje | strCiudad | strPostal | strPais | strSO | strVersionSo | strLenguageSo | strMobil | strModelo | strSOMobil | strPassword | strConfirmPas |
| Cristiano | Ronaldo | cristianoCR7@gmail.com | March | 19 | 1987 | Spanish | Braga | 427000 | Portugal | Linux | Xebian | English | Apple | iPhone 6 | iOS 10.2 | delantero7 | delantero7 | [Diego registrar los [Diego enters 'Cristiano' into Campo para ingresar el nombre, Diego enters 'Ronaldo' into Campo para ingresar el apellido, Diego enters 'cristianoCR7@gmail.com' into Campo para ingresar el email, Diego clicks on campo para seleccionar el mes, Diego select March on campo para seleccionar el mes, Diego select 19 on campo para seleccionar el dia, Diego select 1987 on campo para seleccionar el año, Diego clicks on Campo para seleccionar el lenguaje, Diego enters 'Spanish' then hits [ENTER] into Campo para seleccionar el lenguaje, Diego clicks on Boton para el siguiente paso], Diego ingresar [Diego esperar, Diego enters 'Braga' into Campo para la ciudad, Diego types 'ARROW_DOWN' in Campo para la ciudad, Diego types 'ENTER' in Campo para la ciudad, Diego enters '427000' into Campo para el codigo postal, Diego types 'ARROW_DOWN' in Campo para el codigo postal, Diego types 'ENTER' in Campo para el codigo postal, Diego esperar, Diego clicks on Campo para seleccionar el pais, Diego enters 'Portugal' then hits [ENTER] into pais seleccionado, Diego clicks on Boton para continuar al siguiente paso], Diego definir [Diego clicks on Campo para el sistema operativo, Diego enters 'Linux' then hits [ENTER] into Sistema operativo seleccionado, Diego clicks on Campo para la version del so, Diego enters 'Xebian' then hits [ENTER] into version seleccionada, Diego clicks on campo para el lenguaje del so, Diego enters 'English' then hits [ENTER] into lenguaje seleccionado, Diego clicks on Campo para la marca del celular, Diego enters 'Apple' then hits [ENTER] into marca del celular seleccionado, Diego clicks on Campo para el modelo del mobil, Diego enters 'iPhone 6' then hits [ENTER] into Modelo seleccionado, Diego clicks on Campo para el sistema operativo del mobil, Diego enters 'iOS 10.2' then hits [ENTER] into Sistema operativo del mobil seleccionado, Diego clicks on Boton para continuar el formulario], Diego generar [Diego enters 'delantero7' into Campo para la contraseña, Diego enters 'delantero7' into Campo para la confirmar la contraseña, Diego clicks on Checkbox de mantener informado, Diego clicks on Checkbox de los teminos - condiciones, Diego clicks on Checkbox de privacidad]], Then podre tener acceso a la pagina como usuario registrado
| strMensaje |
| The last step | [Then se presenta]
[Test worker] WARN net.thucydides.core.steps.BaseStepListener - TestOutcomes: [Registro de usuario:Given que me encuentro en la pagina de registro de Utest [Diego abrir [Diego opens the Abrir page, Diego clicks on Boton para iniciar el formulario de registro]], When complete todos los campos del formulario de registro
| strNombre | strApellido | strEmail | strMes | strDia | strAnio | strLenguaje | strCiudad | strPostal | strPais | strSO | strVersionSo | strLenguageSo | strMobil | strModelo | strSOMobil | strPassword | strConfirmPas |
| Cristiano | Ronaldo | cristianoCR7@gmail.com | March | 19 | 1987 | Spanish | Braga | 427000 | Portugal | Linux | Xebian | English | Apple | iPhone 6 | iOS 10.2 | delantero7 | delantero7 | [Diego registrar los [Diego enters 'Cristiano' into Campo para ingresar el nombre, Diego enters 'Ronaldo' into Campo para ingresar el apellido, Diego enters 'cristianoCR7@gmail.com' into Campo para ingresar el email, Diego clicks on campo para seleccionar el mes, Diego select March on campo para seleccionar el mes, Diego select 19 on campo para seleccionar el dia, Diego select 1987 on campo para seleccionar el año, Diego clicks on Campo para seleccionar el lenguaje, Diego enters 'Spanish' then hits [ENTER] into Campo para seleccionar el lenguaje, Diego clicks on Boton para el siguiente paso], Diego ingresar [Diego esperar, Diego enters 'Braga' into Campo para la ciudad, Diego types 'ARROW_DOWN' in Campo para la ciudad, Diego types 'ENTER' in Campo para la ciudad, Diego enters '427000' into Campo para el codigo postal, Diego types 'ARROW_DOWN' in Campo para el codigo postal, Diego types 'ENTER' in Campo para el codigo postal, Diego esperar, Diego clicks on Campo para seleccionar el pais, Diego enters 'Portugal' then hits [ENTER] into pais seleccionado, Diego clicks on Boton para continuar al siguiente paso], Diego definir [Diego clicks on Campo para el sistema operativo, Diego enters 'Linux' then hits [ENTER] into Sistema operativo seleccionado, Diego clicks on Campo para la version del so, Diego enters 'Xebian' then hits [ENTER] into version seleccionada, Diego clicks on campo para el lenguaje del so, Diego enters 'English' then hits [ENTER] into lenguaje seleccionado, Diego clicks on Campo para la marca del celular, Diego enters 'Apple' then hits [ENTER] into marca del celular seleccionado, Diego clicks on Campo para el modelo del mobil, Diego enters 'iPhone 6' then hits [ENTER] into Modelo seleccionado, Diego clicks on Campo para el sistema operativo del mobil, Diego enters 'iOS 10.2' then hits [ENTER] into Sistema operativo del mobil seleccionado, Diego clicks on Boton para continuar el formulario], Diego generar [Diego enters 'delantero7' into Campo para la contraseña, Diego enters 'delantero7' into Campo para la confirmar la contraseña, Diego clicks on Checkbox de mantener informado, Diego clicks on Checkbox de los teminos - condiciones, Diego clicks on Checkbox de privacidad]], Then podre tener acceso a la pagina como usuario registrado
| strMensaje |
| The last step | [Then se presenta]]
[Test worker] WARN net.thucydides.core.steps.BaseStepListener - Final testOutcomes: [Registro de usuario:Given que me encuentro en la pagina de registro de Utest [Diego abrir [Diego opens the Abrir page, Diego clicks on Boton para iniciar el formulario de registro]], When complete todos los campos del formulario de registro
| strNombre | strApellido | strEmail | strMes | strDia | strAnio | strLenguaje | strCiudad | strPostal | strPais | strSO | strVersionSo | strLenguageSo | strMobil | strModelo | strSOMobil | strPassword | strConfirmPas |
| Cristiano | Ronaldo | cristianoCR7@gmail.com | March | 19 | 1987 | Spanish | Braga | 427000 | Portugal | Linux | Xebian | English | Apple | iPhone 6 | iOS 10.2 | delantero7 | delantero7 | [Diego registrar los [Diego enters 'Cristiano' into Campo para ingresar el nombre, Diego enters 'Ronaldo' into Campo para ingresar el apellido, Diego enters 'cristianoCR7@gmail.com' into Campo para ingresar el email, Diego clicks on campo para seleccionar el mes, Diego select March on campo para seleccionar el mes, Diego select 19 on campo para seleccionar el dia, Diego select 1987 on campo para seleccionar el año, Diego clicks on Campo para seleccionar el lenguaje, Diego enters 'Spanish' then hits [ENTER] into Campo para seleccionar el lenguaje, Diego clicks on Boton para el siguiente paso], Diego ingresar [Diego esperar, Diego enters 'Braga' into Campo para la ciudad, Diego types 'ARROW_DOWN' in Campo para la ciudad, Diego types 'ENTER' in Campo para la ciudad, Diego enters '427000' into Campo para el codigo postal, Diego types 'ARROW_DOWN' in Campo para el codigo postal, Diego types 'ENTER' in Campo para el codigo postal, Diego esperar, Diego clicks on Campo para seleccionar el pais, Diego enters 'Portugal' then hits [ENTER] into pais seleccionado, Diego clicks on Boton para continuar al siguiente paso], Diego definir [Diego clicks on Campo para el sistema operativo, Diego enters 'Linux' then hits [ENTER] into Sistema operativo seleccionado, Diego clicks on Campo para la version del so, Diego enters 'Xebian' then hits [ENTER] into version seleccionada, Diego clicks on campo para el lenguaje del so, Diego enters 'English' then hits [ENTER] into lenguaje seleccionado, Diego clicks on Campo para la marca del celular, Diego enters 'Apple' then hits [ENTER] into marca del celular seleccionado, Diego clicks on Campo para el modelo del mobil, Diego enters 'iPhone 6' then hits [ENTER] into Modelo seleccionado, Diego clicks on Campo para el sistema operativo del mobil, Diego enters 'iOS 10.2' then hits [ENTER] into Sistema operativo del mobil seleccionado, Diego clicks on Boton para continuar el formulario], Diego generar [Diego enters 'delantero7' into Campo para la contraseña, Diego enters 'delantero7' into Campo para la confirmar la contraseña, Diego clicks on Checkbox de mantener informado, Diego clicks on Checkbox de los teminos - condiciones, Diego clicks on Checkbox de privacidad]], Then podre tener acceso a la pagina como usuario registrado
| strMensaje |
| The last step | [Then se presenta]]
[Test worker] INFO net.thucydides.core.steps.ConsoleLoggingListener - 
        __    _____ _____ ____ _____   ____   _    ____  ____  _____ ____  
  _     \ \  |_   _| ____/ ___|_   _| |  _ \ / \  / ___|/ ___|| ____|  _ \ 
 (_)_____| |   | | |  _| \___ \ | |   | |_) / _ \ \___ \\___ \|  _| | | | |
  _|_____| |   | | | |___ ___) || |   |  __/ ___ \ ___) |___) | |___| |_| |
 (_)     | |   |_| |_____|____/ |_|   |_| /_/   \_\____/|____/|_____|____/ 
        /_/                                                                

TEST PASSED: Registro de usuario
----------------------------------------------------------------------------
]]></system-err>
</testsuite>
